<?xml version="1.0" encoding="UTF-8"?>
<coverage generated="1759100805">
  <project timestamp="1759100805" name="Clover Coverage">
    <package name="App\Console">
      <file name="/home/pa/projects/yagvc/app/Console/Kernel.php">
        <class name="App\Console\Kernel" namespace="App\Console">
          <metrics complexity="1" methods="1" coveredmethods="1" conditionals="0" coveredconditionals="0" statements="1" coveredstatements="1" elements="2" coveredelements="2"/>
        </class>
        <line num="22" type="method" name="schedule" visibility="protected" complexity="1" crap="1" count="2"/>
        <line num="25" type="stmt" count="2"/>
        <metrics loc="27" ncloc="16" classes="1" methods="1" coveredmethods="1" conditionals="0" coveredconditionals="0" statements="1" coveredstatements="1" elements="2" coveredelements="2"/>
      </file>
    </package>
    <package name="App\Http\Controllers">
      <file name="/home/pa/projects/yagvc/app/Http/Controllers/Controller.php">
        <class name="App\Http\Controllers\Controller" namespace="App\Http\Controllers">
          <metrics complexity="0" methods="0" coveredmethods="0" conditionals="0" coveredconditionals="0" statements="0" coveredstatements="0" elements="0" coveredelements="0"/>
        </class>
        <metrics loc="18" ncloc="13" classes="0" methods="0" coveredmethods="0" conditionals="0" coveredconditionals="0" statements="0" coveredstatements="0" elements="0" coveredelements="0"/>
      </file>
      <file name="/home/pa/projects/yagvc/app/Http/Controllers/ProfileViewsController.php">
        <class name="App\Http\Controllers\ProfileViewsController" namespace="App\Http\Controllers">
          <metrics complexity="36" methods="10" coveredmethods="10" conditionals="0" coveredconditionals="0" statements="95" coveredstatements="95" elements="105" coveredelements="105"/>
        </class>
        <line num="19" type="method" name="__construct" visibility="public" complexity="1" crap="1" count="72"/>
        <line num="24" type="stmt" count="72"/>
        <line num="26" type="method" name="index" visibility="public" complexity="2" crap="2" count="57"/>
        <line num="28" type="stmt" count="57"/>
        <line num="29" type="stmt" count="57"/>
        <line num="31" type="stmt" count="57"/>
        <line num="32" type="stmt" count="57"/>
        <line num="33" type="stmt" count="57"/>
        <line num="35" type="stmt" count="57"/>
        <line num="36" type="stmt" count="57"/>
        <line num="37" type="stmt" count="9"/>
        <line num="40" type="stmt" count="57"/>
        <line num="41" type="stmt" count="57"/>
        <line num="43" type="stmt" count="57"/>
        <line num="51" type="method" name="renderBadge" visibility="private" complexity="7" crap="7" count="58"/>
        <line num="53" type="stmt" count="58"/>
        <line num="54" type="stmt" count="58"/>
        <line num="55" type="stmt" count="58"/>
        <line num="57" type="stmt" count="58"/>
        <line num="58" type="stmt" count="58"/>
        <line num="59" type="stmt" count="9"/>
        <line num="62" type="stmt" count="58"/>
        <line num="64" type="stmt" count="58"/>
        <line num="65" type="stmt" count="5"/>
        <line num="66" type="stmt" count="5"/>
        <line num="67" type="stmt" count="2"/>
        <line num="68" type="stmt" count="3"/>
        <line num="69" type="stmt" count="3"/>
        <line num="73" type="stmt" count="58"/>
        <line num="74" type="stmt" count="58"/>
        <line num="75" type="stmt" count="32"/>
        <line num="78" type="stmt" count="58"/>
        <line num="80" type="stmt" count="58"/>
        <line num="81" type="stmt" count="58"/>
        <line num="82" type="stmt" count="58"/>
        <line num="83" type="stmt" count="58"/>
        <line num="85" type="stmt" count="58"/>
        <line num="86" type="stmt" count="58"/>
        <line num="88" type="stmt" count="58"/>
        <line num="89" type="stmt" count="58"/>
        <line num="90" type="stmt" count="58"/>
        <line num="91" type="stmt" count="58"/>
        <line num="92" type="stmt" count="58"/>
        <line num="93" type="stmt" count="58"/>
        <line num="94" type="stmt" count="58"/>
        <line num="95" type="stmt" count="58"/>
        <line num="96" type="stmt" count="58"/>
        <line num="97" type="stmt" count="58"/>
        <line num="98" type="stmt" count="58"/>
        <line num="101" type="method" name="createBadgeResponse" visibility="private" complexity="2" crap="2" count="59"/>
        <line num="103" type="stmt" count="59"/>
        <line num="104" type="stmt" count="59"/>
        <line num="105" type="stmt" count="59"/>
        <line num="106" type="stmt" count="59"/>
        <line num="107" type="stmt" count="59"/>
        <line num="108" type="stmt" count="59"/>
        <line num="110" type="stmt" count="59"/>
        <line num="111" type="stmt" count="1"/>
        <line num="112" type="stmt" count="1"/>
        <line num="115" type="stmt" count="59"/>
        <line num="122" type="method" name="normaliseValidatedInput" visibility="private" complexity="2" crap="2" count="58"/>
        <line num="124" type="stmt" count="58"/>
        <line num="130" type="method" name="stringFromSafe" visibility="private" complexity="5" crap="5" count="59"/>
        <line num="132" type="stmt" count="59"/>
        <line num="133" type="stmt" count="59"/>
        <line num="135" type="stmt" count="40"/>
        <line num="136" type="stmt" count="40"/>
        <line num="137" type="stmt" count="40"/>
        <line num="139" type="stmt" count="1"/>
        <line num="140" type="stmt" count="1"/>
        <line num="142" type="stmt" count="1"/>
        <line num="148" type="method" name="boolFromSafe" visibility="private" complexity="7" crap="7" count="59"/>
        <line num="150" type="stmt" count="59"/>
        <line num="151" type="stmt" count="50"/>
        <line num="153" type="stmt" count="10"/>
        <line num="154" type="stmt" count="10"/>
        <line num="155" type="stmt" count="10"/>
        <line num="157" type="stmt" count="1"/>
        <line num="158" type="stmt" count="1"/>
        <line num="159" type="stmt" count="1"/>
        <line num="160" type="stmt" count="1"/>
        <line num="162" type="stmt" count="1"/>
        <line num="163" type="stmt" count="1"/>
        <line num="166" type="stmt" count="1"/>
        <line num="167" type="stmt" count="1"/>
        <line num="169" type="stmt" count="1"/>
        <line num="172" type="method" name="stringConfig" visibility="private" complexity="2" crap="2" count="59"/>
        <line num="174" type="stmt" count="59"/>
        <line num="175" type="stmt" count="59"/>
        <line num="178" type="method" name="boolConfig" visibility="private" complexity="6" crap="6" count="59"/>
        <line num="180" type="stmt" count="59"/>
        <line num="181" type="stmt" count="59"/>
        <line num="182" type="stmt" count="58"/>
        <line num="184" type="stmt" count="1"/>
        <line num="185" type="stmt" count="1"/>
        <line num="186" type="stmt" count="1"/>
        <line num="187" type="stmt" count="1"/>
        <line num="189" type="stmt" count="1"/>
        <line num="190" type="stmt" count="1"/>
        <line num="193" type="stmt" count="1"/>
        <line num="194" type="stmt" count="1"/>
        <line num="196" type="stmt" count="1"/>
        <line num="199" type="method" name="queryString" visibility="private" complexity="2" crap="2" count="33"/>
        <line num="201" type="stmt" count="33"/>
        <line num="202" type="stmt" count="33"/>
        <metrics loc="205" ncloc="188" classes="1" methods="10" coveredmethods="10" conditionals="0" coveredconditionals="0" statements="95" coveredstatements="95" elements="105" coveredelements="105"/>
      </file>
    </package>
    <package name="App\Http\Middleware">
      <file name="/home/pa/projects/yagvc/app/Http/Middleware/ForceJson.php">
        <class name="App\Http\Middleware\ForceJson" namespace="App\Http\Middleware">
          <metrics complexity="1" methods="1" coveredmethods="1" conditionals="0" coveredconditionals="0" statements="2" coveredstatements="2" elements="3" coveredelements="3"/>
        </class>
        <line num="19" type="method" name="handle" visibility="public" complexity="1" crap="1" count="56"/>
        <line num="21" type="stmt" count="56"/>
        <line num="23" type="stmt" count="56"/>
        <metrics loc="26" ncloc="20" classes="1" methods="1" coveredmethods="1" conditionals="0" coveredconditionals="0" statements="2" coveredstatements="2" elements="3" coveredelements="3"/>
      </file>
      <file name="/home/pa/projects/yagvc/app/Http/Middleware/GithubCamoOnly.php">
        <class name="App\Http\Middleware\GithubCamoOnly" namespace="App\Http\Middleware">
          <metrics complexity="17" methods="3" coveredmethods="3" conditionals="0" coveredconditionals="0" statements="39" coveredstatements="39" elements="42" coveredelements="42"/>
        </class>
        <line num="21" type="method" name="handle" visibility="public" complexity="5" crap="5" count="61"/>
        <line num="23" type="stmt" count="61"/>
        <line num="25" type="stmt" count="61"/>
        <line num="28" type="stmt" count="61"/>
        <line num="29" type="stmt" count="1"/>
        <line num="33" type="stmt" count="60"/>
        <line num="34" type="stmt" count="1"/>
        <line num="38" type="stmt" count="59"/>
        <line num="39" type="stmt" count="1"/>
        <line num="43" type="stmt" count="58"/>
        <line num="44" type="stmt" count="58"/>
        <line num="45" type="stmt" count="57"/>
        <line num="49" type="stmt" count="1"/>
        <line num="50" type="stmt" count="1"/>
        <line num="51" type="stmt" count="1"/>
        <line num="52" type="stmt" count="1"/>
        <line num="53" type="stmt" count="1"/>
        <line num="55" type="stmt" count="1"/>
        <line num="58" type="method" name="boolConfig" visibility="private" complexity="6" crap="6" count="62"/>
        <line num="60" type="stmt" count="62"/>
        <line num="61" type="stmt" count="62"/>
        <line num="62" type="stmt" count="61"/>
        <line num="64" type="stmt" count="1"/>
        <line num="65" type="stmt" count="1"/>
        <line num="66" type="stmt" count="1"/>
        <line num="67" type="stmt" count="1"/>
        <line num="69" type="stmt" count="1"/>
        <line num="70" type="stmt" count="1"/>
        <line num="73" type="stmt" count="1"/>
        <line num="74" type="stmt" count="1"/>
        <line num="76" type="stmt" count="1"/>
        <line num="83" type="method" name="stringListConfig" visibility="private" complexity="6" crap="6" count="59"/>
        <line num="85" type="stmt" count="59"/>
        <line num="86" type="stmt" count="59"/>
        <line num="87" type="stmt" count="1"/>
        <line num="89" type="stmt" count="59"/>
        <line num="90" type="stmt" count="59"/>
        <line num="91" type="stmt" count="59"/>
        <line num="92" type="stmt" count="59"/>
        <line num="95" type="stmt" count="59"/>
        <line num="96" type="stmt" count="1"/>
        <line num="99" type="stmt" count="59"/>
        <metrics loc="102" ncloc="86" classes="1" methods="3" coveredmethods="3" conditionals="0" coveredconditionals="0" statements="39" coveredstatements="39" elements="42" coveredelements="42"/>
      </file>
    </package>
    <package name="App\Http\Requests">
      <file name="/home/pa/projects/yagvc/app/Http/Requests/ProfileViewsRequest.php">
        <class name="App\Http\Requests\ProfileViewsRequest" namespace="App\Http\Requests">
          <metrics complexity="45" methods="10" coveredmethods="8" conditionals="0" coveredconditionals="0" statements="120" coveredstatements="107" elements="130" coveredelements="115"/>
        </class>
        <line num="40" type="method" name="authorize" visibility="public" complexity="1" crap="1" count="58"/>
        <line num="42" type="stmt" count="58"/>
        <line num="49" type="method" name="rules" visibility="public" complexity="1" crap="1" count="72"/>
        <line num="51" type="stmt" count="72"/>
        <line num="52" type="stmt" count="72"/>
        <line num="53" type="stmt" count="72"/>
        <line num="54" type="stmt" count="72"/>
        <line num="55" type="stmt" count="72"/>
        <line num="56" type="stmt" count="72"/>
        <line num="57" type="stmt" count="72"/>
        <line num="58" type="stmt" count="72"/>
        <line num="59" type="stmt" count="72"/>
        <line num="60" type="stmt" count="72"/>
        <line num="61" type="stmt" count="72"/>
        <line num="62" type="stmt" count="72"/>
        <line num="63" type="stmt" count="72"/>
        <line num="64" type="stmt" count="72"/>
        <line num="73" type="stmt" count="72"/>
        <line num="74" type="stmt" count="72"/>
        <line num="75" type="stmt" count="72"/>
        <line num="76" type="stmt" count="72"/>
        <line num="77" type="stmt" count="72"/>
        <line num="78" type="stmt" count="72"/>
        <line num="79" type="stmt" count="72"/>
        <line num="80" type="stmt" count="72"/>
        <line num="87" type="method" name="messages" visibility="public" complexity="1" crap="1" count="58"/>
        <line num="89" type="stmt" count="58"/>
        <line num="90" type="stmt" count="58"/>
        <line num="91" type="stmt" count="58"/>
        <line num="92" type="stmt" count="58"/>
        <line num="93" type="stmt" count="58"/>
        <line num="96" type="method" name="failedValidation" visibility="public" complexity="1" crap="1" count="6"/>
        <line num="98" type="stmt" count="6"/>
        <line num="100" type="stmt" count="6"/>
        <line num="101" type="stmt" count="6"/>
        <line num="102" type="stmt" count="6"/>
        <line num="103" type="stmt" count="6"/>
        <line num="104" type="stmt" count="6"/>
        <line num="107" type="method" name="prepareForValidation" visibility="protected" complexity="16" crap="16" count="57"/>
        <line num="109" type="stmt" count="57"/>
        <line num="110" type="stmt" count="57"/>
        <line num="111" type="stmt" count="57"/>
        <line num="113" type="stmt" count="57"/>
        <line num="114" type="stmt" count="57"/>
        <line num="115" type="stmt" count="57"/>
        <line num="116" type="stmt" count="57"/>
        <line num="118" type="stmt" count="57"/>
        <line num="120" type="stmt" count="57"/>
        <line num="121" type="stmt" count="57"/>
        <line num="122" type="stmt" count="57"/>
        <line num="123" type="stmt" count="57"/>
        <line num="125" type="stmt" count="29"/>
        <line num="126" type="stmt" count="29"/>
        <line num="129" type="stmt" count="57"/>
        <line num="130" type="stmt" count="57"/>
        <line num="131" type="stmt" count="35"/>
        <line num="133" type="stmt" count="35"/>
        <line num="134" type="stmt" count="1"/>
        <line num="135" type="stmt" count="1"/>
        <line num="138" type="stmt" count="35"/>
        <line num="139" type="stmt" count="17"/>
        <line num="140" type="stmt" count="17"/>
        <line num="141" type="stmt" count="17"/>
        <line num="142" type="stmt" count="17"/>
        <line num="143" type="stmt" count="4"/>
        <line num="144" type="stmt" count="4"/>
        <line num="145" type="stmt" count="4"/>
        <line num="146" type="stmt" count="4"/>
        <line num="151" type="stmt" count="35"/>
        <line num="154" type="stmt" count="57"/>
        <line num="155" type="stmt" count="8"/>
        <line num="159" type="stmt" count="57"/>
        <line num="162" type="method" name="passedValidation" visibility="protected" complexity="15" crap="20.25" count="52"/>
        <line num="165" type="stmt" count="52"/>
        <line num="166" type="stmt" count="52"/>
        <line num="167" type="stmt" count="24"/>
        <line num="170" type="stmt" count="30"/>
        <line num="171" type="stmt" count="23"/>
        <line num="174" type="stmt" count="8"/>
        <line num="176" type="stmt" count="8"/>
        <line num="177" type="stmt" count="5"/>
        <line num="179" type="stmt" count="8"/>
        <line num="180" type="stmt" count="8"/>
        <line num="181" type="stmt" count="0"/>
        <line num="182" type="stmt" count="0"/>
        <line num="184" type="stmt" count="8"/>
        <line num="185" type="stmt" count="8"/>
        <line num="186" type="stmt" count="0"/>
        <line num="187" type="stmt" count="0"/>
        <line num="190" type="stmt" count="8"/>
        <line num="191" type="stmt" count="8"/>
        <line num="192" type="stmt" count="1"/>
        <line num="193" type="stmt" count="0"/>
        <line num="196" type="stmt" count="7"/>
        <line num="197" type="stmt" count="7"/>
        <line num="198" type="stmt" count="0"/>
        <line num="199" type="stmt" count="0"/>
        <line num="201" type="stmt" count="7"/>
        <line num="202" type="stmt" count="3"/>
        <line num="203" type="stmt" count="1"/>
        <line num="204" type="stmt" count="0"/>
        <line num="209" type="method" name="failLogo" visibility="private" complexity="1" crap="1" count="2"/>
        <line num="211" type="stmt" count="2"/>
        <line num="212" type="stmt" count="2"/>
        <line num="213" type="stmt" count="2"/>
        <line num="214" type="stmt" count="2"/>
        <line num="215" type="stmt" count="2"/>
        <line num="216" type="stmt" count="2"/>
        <line num="217" type="stmt" count="2"/>
        <line num="226" type="method" name="all" visibility="public" complexity="2" crap="2" count="70"/>
        <line num="228" type="stmt" count="70"/>
        <line num="229" type="stmt" count="70"/>
        <line num="230" type="stmt" count="67"/>
        <line num="233" type="stmt" count="70"/>
        <line num="242" type="method" name="validated" visibility="public" complexity="2" crap="2" count="3"/>
        <line num="244" type="stmt" count="3"/>
        <line num="245" type="stmt" count="3"/>
        <line num="246" type="stmt" count="3"/>
        <line num="248" type="stmt" count="3"/>
        <line num="249" type="stmt" count="1"/>
        <line num="252" type="stmt" count="2"/>
        <line num="255" type="method" name="intConfig" visibility="private" complexity="5" crap="11.10" count="7"/>
        <line num="257" type="stmt" count="7"/>
        <line num="258" type="stmt" count="7"/>
        <line num="259" type="stmt" count="7"/>
        <line num="261" type="stmt" count="0"/>
        <line num="262" type="stmt" count="0"/>
        <line num="264" type="stmt" count="0"/>
        <line num="265" type="stmt" count="0"/>
        <line num="267" type="stmt" count="0"/>
        <metrics loc="270" ncloc="228" classes="1" methods="10" coveredmethods="8" conditionals="0" coveredconditionals="0" statements="120" coveredstatements="107" elements="130" coveredelements="115"/>
      </file>
    </package>
    <package name="App\Models">
      <file name="/home/pa/projects/yagvc/app/Models/Count.php">
        <class name="App\Models\Count" namespace="App\Models">
          <metrics complexity="11" methods="5" coveredmethods="4" conditionals="0" coveredconditionals="0" statements="20" coveredstatements="19" elements="25" coveredelements="23"/>
        </class>
        <line num="23" type="method" name="__construct" visibility="public" complexity="6" crap="6.07" count="10"/>
        <line num="25" type="stmt" count="10"/>
        <line num="26" type="stmt" count="1"/>
        <line num="27" type="stmt" count="0"/>
        <line num="30" type="stmt" count="10"/>
        <line num="31" type="stmt" count="1"/>
        <line num="34" type="stmt" count="9"/>
        <line num="35" type="stmt" count="3"/>
        <line num="38" type="stmt" count="6"/>
        <line num="41" type="method" name="ofString" visibility="public" complexity="1" crap="1" count="5"/>
        <line num="43" type="stmt" count="5"/>
        <line num="44" type="stmt" count="5"/>
        <line num="45" type="stmt" count="5"/>
        <line num="46" type="stmt" count="5"/>
        <line num="47" type="stmt" count="1"/>
        <line num="49" type="stmt" count="1"/>
        <line num="52" type="method" name="toInt" visibility="public" complexity="1" crap="1" count="5"/>
        <line num="54" type="stmt" count="5"/>
        <line num="57" type="method" name="plus" visibility="public" complexity="2" crap="2" count="2"/>
        <line num="59" type="stmt" count="2"/>
        <line num="60" type="stmt" count="1"/>
        <line num="63" type="stmt" count="1"/>
        <line num="64" type="stmt" count="1"/>
        <line num="70" type="method" name="newFactory" visibility="protected" complexity="1" crap="1" count="1"/>
        <line num="72" type="stmt" count="1"/>
        <metrics loc="75" ncloc="66" classes="1" methods="5" coveredmethods="4" conditionals="0" coveredconditionals="0" statements="20" coveredstatements="19" elements="25" coveredelements="23"/>
      </file>
      <file name="/home/pa/projects/yagvc/app/Models/ProfileViews.php">
        <class name="App\Models\ProfileViews" namespace="App\Models">
          <metrics complexity="8" methods="3" coveredmethods="3" conditionals="0" coveredconditionals="0" statements="20" coveredstatements="20" elements="23" coveredelements="23"/>
        </class>
        <line num="42" type="method" name="getCount" visibility="public" complexity="4" crap="4" count="62"/>
        <line num="44" type="stmt" count="62"/>
        <line num="47" type="stmt" count="62"/>
        <line num="48" type="stmt" count="62"/>
        <line num="50" type="stmt" count="62"/>
        <line num="51" type="stmt" count="12"/>
        <line num="53" type="stmt" count="53"/>
        <line num="56" type="stmt" count="62"/>
        <line num="57" type="stmt" count="62"/>
        <line num="58" type="stmt" count="1"/>
        <line num="61" type="stmt" count="61"/>
        <line num="62" type="stmt" count="62"/>
        <line num="64" type="stmt" count="62"/>
        <line num="67" type="method" name="incrementCount" visibility="public" complexity="3" crap="3" count="71"/>
        <line num="69" type="stmt" count="71"/>
        <line num="70" type="stmt" count="2"/>
        <line num="71" type="stmt" count="2"/>
        <line num="74" type="stmt" count="69"/>
        <line num="75" type="stmt" count="69"/>
        <line num="78" type="stmt" count="69"/>
        <line num="79" type="stmt" count="69"/>
        <line num="85" type="method" name="newFactory" visibility="protected" complexity="1" crap="1" count="7"/>
        <line num="87" type="stmt" count="7"/>
        <metrics loc="90" ncloc="74" classes="1" methods="3" coveredmethods="3" conditionals="0" coveredconditionals="0" statements="20" coveredstatements="20" elements="23" coveredelements="23"/>
      </file>
    </package>
    <package name="App\Providers">
      <file name="/home/pa/projects/yagvc/app/Providers/AppServiceProvider.php">
        <class name="App\Providers\AppServiceProvider" namespace="App\Providers">
          <metrics complexity="16" methods="5" coveredmethods="4" conditionals="0" coveredconditionals="0" statements="44" coveredstatements="41" elements="49" coveredelements="45"/>
        </class>
        <line num="17" type="method" name="register" visibility="public" complexity="1" crap="1" count="188"/>
        <line num="20" type="stmt" count="188"/>
        <line num="25" type="method" name="boot" visibility="public" complexity="7" crap="7" count="188"/>
        <line num="27" type="stmt" count="188"/>
        <line num="29" type="stmt" count="188"/>
        <line num="30" type="stmt" count="56"/>
        <line num="31" type="stmt" count="56"/>
        <line num="33" type="stmt" count="56"/>
        <line num="34" type="stmt" count="56"/>
        <line num="36" type="stmt" count="56"/>
        <line num="37" type="stmt" count="56"/>
        <line num="38" type="stmt" count="56"/>
        <line num="39" type="stmt" count="56"/>
        <line num="40" type="stmt" count="56"/>
        <line num="41" type="stmt" count="56"/>
        <line num="42" type="stmt" count="56"/>
        <line num="43" type="stmt" count="56"/>
        <line num="44" type="stmt" count="56"/>
        <line num="45" type="stmt" count="56"/>
        <line num="46" type="stmt" count="56"/>
        <line num="47" type="stmt" count="56"/>
        <line num="48" type="stmt" count="56"/>
        <line num="49" type="stmt" count="56"/>
        <line num="50" type="stmt" count="56"/>
        <line num="51" type="stmt" count="56"/>
        <line num="53" type="stmt" count="56"/>
        <line num="55" type="stmt" count="56"/>
        <line num="56" type="stmt" count="56"/>
        <line num="57" type="stmt" count="56"/>
        <line num="58" type="stmt" count="56"/>
        <line num="59" type="stmt" count="56"/>
        <line num="60" type="stmt" count="1"/>
        <line num="63" type="stmt" count="56"/>
        <line num="64" type="stmt" count="188"/>
        <line num="70" type="method" name="sanitizeKeySegment" visibility="private" complexity="2" crap="2" count="56"/>
        <line num="72" type="stmt" count="56"/>
        <line num="73" type="stmt" count="56"/>
        <line num="75" type="stmt" count="56"/>
        <line num="78" type="method" name="configInt" visibility="private" complexity="1" crap="1" count="56"/>
        <line num="80" type="stmt" count="56"/>
        <line num="81" type="stmt" count="56"/>
        <line num="84" type="method" name="intFromMixed" visibility="private" complexity="5" crap="6.97" count="56"/>
        <line num="86" type="stmt" count="56"/>
        <line num="87" type="stmt" count="56"/>
        <line num="89" type="stmt" count="52"/>
        <line num="90" type="stmt" count="52"/>
        <line num="92" type="stmt" count="0"/>
        <line num="93" type="stmt" count="0"/>
        <line num="95" type="stmt" count="0"/>
        <metrics loc="98" ncloc="87" classes="1" methods="5" coveredmethods="4" conditionals="0" coveredconditionals="0" statements="44" coveredstatements="41" elements="49" coveredelements="45"/>
      </file>
    </package>
    <package name="App\Repositories">
      <file name="/home/pa/projects/yagvc/app/Repositories/ProfileViewsRepository.php">
        <class name="App\Repositories\ProfileViewsRepository" namespace="App\Repositories">
          <metrics complexity="2" methods="1" coveredmethods="1" conditionals="0" coveredconditionals="0" statements="10" coveredstatements="10" elements="11" coveredelements="11"/>
        </class>
        <line num="10" type="method" name="findOrCreate" visibility="public" complexity="2" crap="2" count="64"/>
        <line num="12" type="stmt" count="64"/>
        <line num="13" type="stmt" count="64"/>
        <line num="15" type="stmt" count="64"/>
        <line num="16" type="stmt" count="13"/>
        <line num="19" type="stmt" count="64"/>
        <line num="20" type="stmt" count="64"/>
        <line num="21" type="stmt" count="64"/>
        <line num="22" type="stmt" count="64"/>
        <line num="24" type="stmt" count="64"/>
        <line num="26" type="stmt" count="64"/>
        <metrics loc="29" ncloc="28" classes="1" methods="1" coveredmethods="1" conditionals="0" coveredconditionals="0" statements="10" coveredstatements="10" elements="11" coveredelements="11"/>
      </file>
    </package>
    <package name="App\Services">
      <file name="/home/pa/projects/yagvc/app/Services/BadgeGeometryParser.php">
        <class name="App\Services\BadgeGeometryParser" namespace="App\Services">
          <metrics complexity="8" methods="1" coveredmethods="0" conditionals="0" coveredconditionals="0" statements="20" coveredstatements="18" elements="21" coveredelements="18"/>
        </class>
        <line num="19" type="method" name="parse" visibility="public" complexity="8" crap="8.06" count="51"/>
        <line num="21" type="stmt" count="51"/>
        <line num="22" type="stmt" count="1"/>
        <line num="24" type="stmt" count="50"/>
        <line num="25" type="stmt" count="50"/>
        <line num="26" type="stmt" count="50"/>
        <line num="27" type="stmt" count="50"/>
        <line num="29" type="stmt" count="50"/>
        <line num="30" type="stmt" count="50"/>
        <line num="32" type="stmt" count="1"/>
        <line num="34" type="stmt" count="49"/>
        <line num="37" type="stmt" count="49"/>
        <line num="38" type="stmt" count="0"/>
        <line num="39" type="stmt" count="0"/>
        <line num="40" type="stmt" count="49"/>
        <line num="41" type="stmt" count="48"/>
        <line num="42" type="stmt" count="48"/>
        <line num="44" type="stmt" count="1"/>
        <line num="48" type="stmt" count="48"/>
        <line num="49" type="stmt" count="1"/>
        <line num="52" type="stmt" count="47"/>
        <metrics loc="55" ncloc="48" classes="1" methods="1" coveredmethods="0" conditionals="0" coveredconditionals="0" statements="20" coveredstatements="18" elements="21" coveredelements="18"/>
      </file>
      <file name="/home/pa/projects/yagvc/app/Services/BadgeGeometryResult.php">
        <class name="App\Services\BadgeGeometryResult" namespace="App\Services">
          <metrics complexity="3" methods="3" coveredmethods="3" conditionals="0" coveredconditionals="0" statements="3" coveredstatements="3" elements="6" coveredelements="6"/>
        </class>
        <line num="14" type="method" name="__construct" visibility="public" complexity="1" crap="1" count="51"/>
        <line num="23" type="stmt" count="51"/>
        <line num="25" type="method" name="success" visibility="public" complexity="1" crap="1" count="47"/>
        <line num="32" type="stmt" count="47"/>
        <line num="35" type="method" name="failure" visibility="public" complexity="1" crap="1" count="4"/>
        <line num="37" type="stmt" count="4"/>
        <metrics loc="40" ncloc="35" classes="1" methods="3" coveredmethods="3" conditionals="0" coveredconditionals="0" statements="3" coveredstatements="3" elements="6" coveredelements="6"/>
      </file>
      <file name="/home/pa/projects/yagvc/app/Services/BadgeRenderService.php">
        <class name="App\Services\BadgeRenderService" namespace="App\Services">
          <metrics complexity="134" methods="21" coveredmethods="12" conditionals="0" coveredconditionals="0" statements="462" coveredstatements="421" elements="483" coveredelements="433"/>
        </class>
        <line num="33" type="method" name="__construct" visibility="public" complexity="1" crap="1" count="124"/>
        <line num="35" type="stmt" count="124"/>
        <line num="36" type="stmt" count="124"/>
        <line num="37" type="stmt" count="124"/>
        <line num="38" type="stmt" count="124"/>
        <line num="39" type="stmt" count="124"/>
        <line num="40" type="stmt" count="124"/>
        <line num="41" type="stmt" count="124"/>
        <line num="42" type="stmt" count="124"/>
        <line num="43" type="stmt" count="124"/>
        <line num="44" type="stmt" count="124"/>
        <line num="45" type="stmt" count="124"/>
        <line num="46" type="stmt" count="124"/>
        <line num="47" type="stmt" count="124"/>
        <line num="48" type="stmt" count="124"/>
        <line num="51" type="method" name="renderBadgeWithCount" visibility="public" complexity="1" crap="1" count="84"/>
        <line num="62" type="stmt" count="84"/>
        <line num="64" type="stmt" count="84"/>
        <line num="65" type="stmt" count="84"/>
        <line num="66" type="stmt" count="84"/>
        <line num="67" type="stmt" count="84"/>
        <line num="68" type="stmt" count="84"/>
        <line num="69" type="stmt" count="84"/>
        <line num="70" type="stmt" count="84"/>
        <line num="71" type="stmt" count="84"/>
        <line num="72" type="stmt" count="84"/>
        <line num="73" type="stmt" count="84"/>
        <line num="76" type="method" name="renderBadgeWithError" visibility="public" complexity="1" crap="1" count="2"/>
        <line num="81" type="stmt" count="2"/>
        <line num="83" type="stmt" count="2"/>
        <line num="84" type="stmt" count="2"/>
        <line num="85" type="stmt" count="2"/>
        <line num="86" type="stmt" count="2"/>
        <line num="87" type="stmt" count="2"/>
        <line num="88" type="stmt" count="2"/>
        <line num="91" type="method" name="renderPixel" visibility="public" complexity="1" crap="1" count="2"/>
        <line num="93" type="stmt" count="2"/>
        <line num="96" type="method" name="renderBadge" visibility="private" complexity="3" crap="3" count="86"/>
        <line num="106" type="stmt" count="86"/>
        <line num="107" type="stmt" count="86"/>
        <line num="108" type="stmt" count="86"/>
        <line num="109" type="stmt" count="86"/>
        <line num="110" type="stmt" count="86"/>
        <line num="111" type="stmt" count="86"/>
        <line num="112" type="stmt" count="86"/>
        <line num="115" type="stmt" count="86"/>
        <line num="116" type="stmt" count="48"/>
        <line num="118" type="stmt" count="86"/>
        <line num="119" type="stmt" count="7"/>
        <line num="122" type="stmt" count="86"/>
        <line num="125" type="method" name="formatNumber" visibility="private" complexity="2" crap="2" count="85"/>
        <line num="129" type="stmt" count="85"/>
        <line num="130" type="stmt" count="10"/>
        <line num="133" type="stmt" count="75"/>
        <line num="134" type="stmt" count="75"/>
        <line num="136" type="stmt" count="75"/>
        <line num="139" type="method" name="formatAbbreviatedNumber" visibility="public" complexity="2" crap="2" count="11"/>
        <line num="141" type="stmt" count="11"/>
        <line num="142" type="stmt" count="11"/>
        <line num="143" type="stmt" count="3"/>
        <line num="144" type="stmt" count="3"/>
        <line num="146" type="stmt" count="11"/>
        <line num="149" type="method" name="applyLabelColor" visibility="private" complexity="3" crap="3" count="8"/>
        <line num="151" type="stmt" count="8"/>
        <line num="152" type="stmt" count="8"/>
        <line num="153" type="stmt" count="8"/>
        <line num="154" type="stmt" count="7"/>
        <line num="155" type="stmt" count="7"/>
        <line num="156" type="stmt" count="7"/>
        <line num="157" type="stmt" count="7"/>
        <line num="159" type="stmt" count="1"/>
        <line num="160" type="stmt" count="1"/>
        <line num="161" type="stmt" count="1"/>
        <line num="164" type="method" name="ensureAccessibleLabels" visibility="private" complexity="5" crap="5.01" count="86"/>
        <line num="166" type="stmt" count="86"/>
        <line num="167" type="stmt" count="86"/>
        <line num="168" type="stmt" count="86"/>
        <line num="170" type="stmt" count="86"/>
        <line num="171" type="stmt" count="86"/>
        <line num="172" type="stmt" count="86"/>
        <line num="175" type="stmt" count="86"/>
        <line num="176" type="stmt" count="86"/>
        <line num="177" type="stmt" count="50"/>
        <line num="178" type="stmt" count="50"/>
        <line num="179" type="stmt" count="50"/>
        <line num="181" type="stmt" count="0"/>
        <line num="184" type="stmt" count="37"/>
        <line num="185" type="stmt" count="37"/>
        <line num="188" type="method" name="applyLogo" visibility="private" complexity="40" crap="55.89" count="48"/>
        <line num="190" type="stmt" count="48"/>
        <line num="191" type="stmt" count="48"/>
        <line num="192" type="stmt" count="48"/>
        <line num="193" type="stmt" count="48"/>
        <line num="194" type="stmt" count="48"/>
        <line num="195" type="stmt" count="48"/>
        <line num="196" type="stmt" count="48"/>
        <line num="197" type="stmt" count="48"/>
        <line num="198" type="stmt" count="48"/>
        <line num="199" type="stmt" count="48"/>
        <line num="200" type="stmt" count="48"/>
        <line num="202" type="stmt" count="48"/>
        <line num="203" type="stmt" count="48"/>
        <line num="204" type="stmt" count="48"/>
        <line num="205" type="stmt" count="8"/>
        <line num="206" type="stmt" count="8"/>
        <line num="207" type="stmt" count="8"/>
        <line num="208" type="stmt" count="5"/>
        <line num="209" type="stmt" count="5"/>
        <line num="210" type="stmt" count="5"/>
        <line num="211" type="stmt" count="5"/>
        <line num="212" type="stmt" count="5"/>
        <line num="213" type="stmt" count="5"/>
        <line num="214" type="stmt" count="5"/>
        <line num="215" type="stmt" count="5"/>
        <line num="216" type="stmt" count="5"/>
        <line num="219" type="stmt" count="4"/>
        <line num="220" type="stmt" count="4"/>
        <line num="221" type="stmt" count="4"/>
        <line num="222" type="stmt" count="2"/>
        <line num="223" type="stmt" count="2"/>
        <line num="224" type="stmt" count="2"/>
        <line num="225" type="stmt" count="2"/>
        <line num="226" type="stmt" count="2"/>
        <line num="227" type="stmt" count="2"/>
        <line num="228" type="stmt" count="2"/>
        <line num="229" type="stmt" count="0"/>
        <line num="230" type="stmt" count="0"/>
        <line num="231" type="stmt" count="0"/>
        <line num="232" type="stmt" count="0"/>
        <line num="234" type="stmt" count="0"/>
        <line num="236" type="stmt" count="2"/>
        <line num="237" type="stmt" count="2"/>
        <line num="238" type="stmt" count="2"/>
        <line num="239" type="stmt" count="2"/>
        <line num="240" type="stmt" count="2"/>
        <line num="241" type="stmt" count="2"/>
        <line num="242" type="stmt" count="2"/>
        <line num="243" type="stmt" count="2"/>
        <line num="248" type="stmt" count="2"/>
        <line num="251" type="stmt" count="2"/>
        <line num="253" type="stmt" count="40"/>
        <line num="254" type="stmt" count="27"/>
        <line num="255" type="stmt" count="27"/>
        <line num="256" type="stmt" count="27"/>
        <line num="257" type="stmt" count="0"/>
        <line num="258" type="stmt" count="0"/>
        <line num="261" type="stmt" count="40"/>
        <line num="262" type="stmt" count="40"/>
        <line num="263" type="stmt" count="40"/>
        <line num="264" type="stmt" count="40"/>
        <line num="265" type="stmt" count="40"/>
        <line num="266" type="stmt" count="40"/>
        <line num="267" type="stmt" count="40"/>
        <line num="268" type="stmt" count="40"/>
        <line num="269" type="stmt" count="40"/>
        <line num="270" type="stmt" count="40"/>
        <line num="271" type="stmt" count="40"/>
        <line num="272" type="stmt" count="18"/>
        <line num="273" type="stmt" count="18"/>
        <line num="275" type="stmt" count="40"/>
        <line num="276" type="stmt" count="4"/>
        <line num="277" type="stmt" count="4"/>
        <line num="279" type="stmt" count="40"/>
        <line num="280" type="stmt" count="9"/>
        <line num="282" type="stmt" count="40"/>
        <line num="283" type="stmt" count="20"/>
        <line num="284" type="stmt" count="20"/>
        <line num="285" type="stmt" count="7"/>
        <line num="286" type="stmt" count="13"/>
        <line num="287" type="stmt" count="13"/>
        <line num="289" type="stmt" count="20"/>
        <line num="290" type="stmt" count="20"/>
        <line num="291" type="stmt" count="20"/>
        <line num="292" type="stmt" count="20"/>
        <line num="293" type="stmt" count="18"/>
        <line num="294" type="stmt" count="18"/>
        <line num="298" type="stmt" count="40"/>
        <line num="299" type="stmt" count="40"/>
        <line num="300" type="stmt" count="0"/>
        <line num="301" type="stmt" count="0"/>
        <line num="302" type="stmt" count="0"/>
        <line num="303" type="stmt" count="0"/>
        <line num="304" type="stmt" count="0"/>
        <line num="305" type="stmt" count="0"/>
        <line num="306" type="stmt" count="0"/>
        <line num="307" type="stmt" count="0"/>
        <line num="308" type="stmt" count="0"/>
        <line num="309" type="stmt" count="0"/>
        <line num="310" type="stmt" count="0"/>
        <line num="312" type="stmt" count="0"/>
        <line num="314" type="stmt" count="0"/>
        <line num="318" type="stmt" count="40"/>
        <line num="319" type="stmt" count="0"/>
        <line num="320" type="stmt" count="0"/>
        <line num="321" type="stmt" count="0"/>
        <line num="323" type="stmt" count="40"/>
        <line num="326" type="method" name="canonicalizeDataUri" visibility="private" complexity="11" crap="11" count="51"/>
        <line num="328" type="stmt" count="51"/>
        <line num="329" type="stmt" count="1"/>
        <line num="332" type="stmt" count="50"/>
        <line num="333" type="stmt" count="50"/>
        <line num="334" type="stmt" count="50"/>
        <line num="335" type="stmt" count="50"/>
        <line num="336" type="stmt" count="1"/>
        <line num="339" type="stmt" count="49"/>
        <line num="340" type="stmt" count="49"/>
        <line num="341" type="stmt" count="2"/>
        <line num="342" type="stmt" count="1"/>
        <line num="343" type="stmt" count="1"/>
        <line num="344" type="stmt" count="1"/>
        <line num="345" type="stmt" count="1"/>
        <line num="348" type="stmt" count="2"/>
        <line num="351" type="stmt" count="47"/>
        <line num="352" type="stmt" count="47"/>
        <line num="353" type="stmt" count="4"/>
        <line num="354" type="stmt" count="4"/>
        <line num="357" type="stmt" count="4"/>
        <line num="360" type="stmt" count="43"/>
        <line num="361" type="stmt" count="43"/>
        <line num="362" type="stmt" count="3"/>
        <line num="363" type="stmt" count="3"/>
        <line num="364" type="stmt" count="3"/>
        <line num="365" type="stmt" count="3"/>
        <line num="366" type="stmt" count="3"/>
        <line num="369" type="stmt" count="43"/>
        <line num="379" type="method" name="safeConfig" visibility="private" complexity="3" crap="4.12" count="40"/>
        <line num="381" type="stmt" count="40"/>
        <line num="383" type="stmt" count="40"/>
        <line num="384" type="stmt" count="0"/>
        <line num="387" type="stmt" count="0"/>
        <line num="390" type="method" name="deriveAutoLogoColor" visibility="private" complexity="7" crap="7" count="9"/>
        <line num="392" type="stmt" count="9"/>
        <line num="393" type="stmt" count="9"/>
        <line num="394" type="stmt" count="2"/>
        <line num="395" type="stmt" count="7"/>
        <line num="396" type="stmt" count="4"/>
        <line num="398" type="stmt" count="9"/>
        <line num="399" type="stmt" count="2"/>
        <line num="401" type="stmt" count="9"/>
        <line num="402" type="stmt" count="1"/>
        <line num="404" type="stmt" count="9"/>
        <line num="405" type="stmt" count="9"/>
        <line num="406" type="stmt" count="9"/>
        <line num="409" type="method" name="normalizeColorToHex" visibility="private" complexity="2" crap="2.06" count="2"/>
        <line num="411" type="stmt" count="2"/>
        <line num="412" type="stmt" count="2"/>
        <line num="413" type="stmt" count="2"/>
        <line num="415" type="stmt" count="0"/>
        <line num="419" type="method" name="hexToRgb" visibility="private" complexity="2" crap="2" count="9"/>
        <line num="421" type="stmt" count="9"/>
        <line num="422" type="stmt" count="9"/>
        <line num="423" type="stmt" count="3"/>
        <line num="425" type="stmt" count="9"/>
        <line num="426" type="stmt" count="9"/>
        <line num="427" type="stmt" count="9"/>
        <line num="428" type="stmt" count="9"/>
        <line num="431" type="method" name="recolorSvg" visibility="private" complexity="12" crap="12" count="23"/>
        <line num="433" type="stmt" count="23"/>
        <line num="434" type="stmt" count="23"/>
        <line num="435" type="stmt" count="1"/>
        <line num="437" type="stmt" count="22"/>
        <line num="438" type="stmt" count="22"/>
        <line num="439" type="stmt" count="22"/>
        <line num="440" type="stmt" count="1"/>
        <line num="441" type="stmt" count="1"/>
        <line num="442" type="stmt" count="1"/>
        <line num="444" type="stmt" count="1"/>
        <line num="445" type="stmt" count="1"/>
        <line num="446" type="stmt" count="1"/>
        <line num="447" type="stmt" count="1"/>
        <line num="450" type="stmt" count="21"/>
        <line num="451" type="stmt" count="2"/>
        <line num="452" type="stmt" count="0"/>
        <line num="454" type="stmt" count="2"/>
        <line num="455" type="stmt" count="1"/>
        <line num="457" type="stmt" count="1"/>
        <line num="458" type="stmt" count="1"/>
        <line num="459" type="stmt" count="21"/>
        <line num="460" type="stmt" count="21"/>
        <line num="461" type="stmt" count="21"/>
        <line num="462" type="stmt" count="18"/>
        <line num="463" type="stmt" count="18"/>
        <line num="464" type="stmt" count="18"/>
        <line num="465" type="stmt" count="18"/>
        <line num="469" type="stmt" count="22"/>
        <line num="470" type="stmt" count="2"/>
        <line num="472" type="stmt" count="20"/>
        <line num="475" type="method" name="getHexColor" visibility="private" complexity="2" crap="2" count="27"/>
        <line num="477" type="stmt" count="27"/>
        <line num="478" type="stmt" count="27"/>
        <line num="479" type="stmt" count="20"/>
        <line num="481" type="stmt" count="9"/>
        <line num="482" type="stmt" count="9"/>
        <line num="483" type="stmt" count="9"/>
        <line num="484" type="stmt" count="9"/>
        <line num="485" type="stmt" count="9"/>
        <line num="486" type="stmt" count="9"/>
        <line num="487" type="stmt" count="9"/>
        <line num="488" type="stmt" count="9"/>
        <line num="489" type="stmt" count="9"/>
        <line num="490" type="stmt" count="9"/>
        <line num="491" type="stmt" count="9"/>
        <line num="492" type="stmt" count="9"/>
        <line num="493" type="stmt" count="9"/>
        <line num="494" type="stmt" count="9"/>
        <line num="495" type="stmt" count="9"/>
        <line num="496" type="stmt" count="9"/>
        <line num="497" type="stmt" count="9"/>
        <line num="498" type="stmt" count="9"/>
        <line num="499" type="stmt" count="9"/>
        <line num="500" type="stmt" count="9"/>
        <line num="511" type="method" name="embedLogoInSvg" visibility="private" complexity="12" crap="12" count="50"/>
        <line num="513" type="stmt" count="50"/>
        <line num="514" type="stmt" count="50"/>
        <line num="515" type="stmt" count="50"/>
        <line num="516" type="stmt" count="50"/>
        <line num="517" type="stmt" count="50"/>
        <line num="518" type="stmt" count="50"/>
        <line num="519" type="stmt" count="50"/>
        <line num="520" type="stmt" count="50"/>
        <line num="523" type="stmt" count="50"/>
        <line num="524" type="stmt" count="1"/>
        <line num="526" type="stmt" count="50"/>
        <line num="527" type="stmt" count="50"/>
        <line num="528" type="stmt" count="50"/>
        <line num="529" type="stmt" count="50"/>
        <line num="531" type="stmt" count="50"/>
        <line num="532" type="stmt" count="50"/>
        <line num="533" type="stmt" count="50"/>
        <line num="534" type="stmt" count="46"/>
        <line num="535" type="stmt" count="46"/>
        <line num="536" type="stmt" count="46"/>
        <line num="537" type="stmt" count="46"/>
        <line num="538" type="stmt" count="46"/>
        <line num="541" type="stmt" count="4"/>
        <line num="542" type="stmt" count="4"/>
        <line num="543" type="stmt" count="1"/>
        <line num="544" type="stmt" count="1"/>
        <line num="546" type="stmt" count="3"/>
        <line num="547" type="stmt" count="3"/>
        <line num="548" type="stmt" count="3"/>
        <line num="549" type="stmt" count="1"/>
        <line num="551" type="stmt" count="3"/>
        <line num="552" type="stmt" count="1"/>
        <line num="553" type="stmt" count="1"/>
        <line num="555" type="stmt" count="2"/>
        <line num="556" type="stmt" count="2"/>
        <line num="557" type="stmt" count="2"/>
        <line num="558" type="stmt" count="1"/>
        <line num="560" type="stmt" count="2"/>
        <line num="561" type="stmt" count="1"/>
        <line num="562" type="stmt" count="1"/>
        <line num="564" type="stmt" count="1"/>
        <line num="565" type="stmt" count="1"/>
        <line num="566" type="stmt" count="1"/>
        <line num="568" type="stmt" count="0"/>
        <line num="569" type="stmt" count="0"/>
        <line num="571" type="stmt" count="1"/>
        <line num="572" type="stmt" count="1"/>
        <line num="573" type="stmt" count="1"/>
        <line num="574" type="stmt" count="1"/>
        <line num="575" type="stmt" count="1"/>
        <line num="576" type="stmt" count="1"/>
        <line num="577" type="stmt" count="1"/>
        <line num="578" type="stmt" count="1"/>
        <line num="579" type="stmt" count="1"/>
        <line num="580" type="stmt" count="1"/>
        <line num="584" type="stmt" count="47"/>
        <line num="585" type="stmt" count="47"/>
        <line num="586" type="stmt" count="47"/>
        <line num="587" type="stmt" count="47"/>
        <line num="588" type="stmt" count="47"/>
        <line num="589" type="stmt" count="47"/>
        <line num="590" type="stmt" count="47"/>
        <line num="591" type="stmt" count="47"/>
        <line num="592" type="stmt" count="47"/>
        <line num="593" type="stmt" count="47"/>
        <line num="594" type="stmt" count="47"/>
        <line num="595" type="stmt" count="18"/>
        <line num="596" type="stmt" count="18"/>
        <line num="598" type="stmt" count="29"/>
        <line num="600" type="stmt" count="47"/>
        <line num="601" type="stmt" count="47"/>
        <line num="602" type="stmt" count="47"/>
        <line num="603" type="stmt" count="47"/>
        <line num="604" type="stmt" count="47"/>
        <line num="617" type="method" name="shiftGeometry" visibility="private" complexity="9" crap="9.04" count="47"/>
        <line num="619" type="stmt" count="47"/>
        <line num="620" type="stmt" count="47"/>
        <line num="621" type="stmt" count="47"/>
        <line num="623" type="stmt" count="47"/>
        <line num="624" type="stmt" count="47"/>
        <line num="625" type="stmt" count="47"/>
        <line num="626" type="stmt" count="47"/>
        <line num="627" type="stmt" count="47"/>
        <line num="628" type="stmt" count="47"/>
        <line num="629" type="stmt" count="47"/>
        <line num="630" type="stmt" count="47"/>
        <line num="631" type="stmt" count="47"/>
        <line num="633" type="stmt" count="47"/>
        <line num="634" type="stmt" count="47"/>
        <line num="636" type="stmt" count="47"/>
        <line num="637" type="stmt" count="47"/>
        <line num="638" type="stmt" count="47"/>
        <line num="639" type="stmt" count="47"/>
        <line num="640" type="stmt" count="47"/>
        <line num="641" type="stmt" count="47"/>
        <line num="642" type="stmt" count="47"/>
        <line num="643" type="stmt" count="47"/>
        <line num="644" type="stmt" count="47"/>
        <line num="645" type="stmt" count="47"/>
        <line num="646" type="stmt" count="47"/>
        <line num="647" type="stmt" count="47"/>
        <line num="649" type="stmt" count="47"/>
        <line num="650" type="stmt" count="47"/>
        <line num="651" type="stmt" count="47"/>
        <line num="652" type="stmt" count="0"/>
        <line num="654" type="stmt" count="47"/>
        <line num="655" type="stmt" count="0"/>
        <line num="657" type="stmt" count="47"/>
        <line num="658" type="stmt" count="0"/>
        <line num="660" type="stmt" count="47"/>
        <line num="661" type="stmt" count="47"/>
        <line num="662" type="stmt" count="47"/>
        <line num="663" type="stmt" count="47"/>
        <line num="664" type="stmt" count="47"/>
        <line num="665" type="stmt" count="47"/>
        <line num="666" type="stmt" count="47"/>
        <line num="667" type="stmt" count="47"/>
        <line num="669" type="stmt" count="47"/>
        <line num="670" type="stmt" count="47"/>
        <line num="671" type="stmt" count="46"/>
        <line num="672" type="stmt" count="0"/>
        <line num="674" type="stmt" count="46"/>
        <line num="675" type="stmt" count="0"/>
        <line num="677" type="stmt" count="46"/>
        <line num="678" type="stmt" count="46"/>
        <line num="679" type="stmt" count="46"/>
        <line num="680" type="stmt" count="46"/>
        <line num="681" type="stmt" count="46"/>
        <line num="682" type="stmt" count="46"/>
        <line num="683" type="stmt" count="46"/>
        <line num="684" type="stmt" count="47"/>
        <line num="686" type="stmt" count="47"/>
        <line num="687" type="stmt" count="46"/>
        <line num="688" type="stmt" count="46"/>
        <line num="689" type="stmt" count="47"/>
        <line num="690" type="stmt" count="47"/>
        <line num="700" type="method" name="simpleInjectLogo" visibility="private" complexity="2" crap="2.01" count="3"/>
        <line num="702" type="stmt" count="3"/>
        <line num="703" type="stmt" count="3"/>
        <line num="704" type="stmt" count="3"/>
        <line num="705" type="stmt" count="3"/>
        <line num="706" type="stmt" count="3"/>
        <line num="707" type="stmt" count="3"/>
        <line num="708" type="stmt" count="3"/>
        <line num="710" type="stmt" count="0"/>
        <line num="718" type="method" name="debugLog" visibility="private" complexity="13" crap="14.35" count="56"/>
        <line num="722" type="stmt" count="56"/>
        <line num="723" type="stmt" count="56"/>
        <line num="724" type="stmt" count="28"/>
        <line num="727" type="stmt" count="28"/>
        <line num="728" type="stmt" count="0"/>
        <line num="729" type="stmt" count="0"/>
        <line num="732" type="stmt" count="56"/>
        <line num="733" type="stmt" count="56"/>
        <line num="734" type="stmt" count="28"/>
        <line num="735" type="stmt" count="28"/>
        <line num="736" type="stmt" count="28"/>
        <line num="737" type="stmt" count="28"/>
        <line num="738" type="stmt" count="0"/>
        <line num="739" type="stmt" count="28"/>
        <line num="740" type="stmt" count="24"/>
        <line num="741" type="stmt" count="4"/>
        <line num="742" type="stmt" count="4"/>
        <line num="745" type="stmt" count="0"/>
        <line num="748" type="stmt" count="56"/>
        <line num="749" type="stmt" count="32"/>
        <line num="751" type="stmt" count="24"/>
        <line num="752" type="stmt" count="24"/>
        <line num="753" type="stmt" count="1"/>
        <line num="757" type="stmt" count="24"/>
        <line num="758" type="stmt" count="0"/>
        <metrics loc="763" ncloc="691" classes="1" methods="21" coveredmethods="12" conditionals="0" coveredconditionals="0" statements="462" coveredstatements="421" elements="483" coveredelements="433"/>
      </file>
      <file name="/home/pa/projects/yagvc/app/Services/LogoDataHelper.php">
        <class name="App\Services\LogoDataHelper" namespace="App\Services">
          <metrics complexity="18" methods="4" coveredmethods="2" conditionals="0" coveredconditionals="0" statements="31" coveredstatements="27" elements="35" coveredelements="29"/>
        </class>
        <line num="25" type="method" name="normalizeRawBase64" visibility="public" complexity="4" crap="4" count="27"/>
        <line num="27" type="stmt" count="27"/>
        <line num="28" type="stmt" count="27"/>
        <line num="29" type="stmt" count="5"/>
        <line num="31" type="stmt" count="27"/>
        <line num="32" type="stmt" count="27"/>
        <line num="33" type="stmt" count="4"/>
        <line num="35" type="stmt" count="23"/>
        <line num="39" type="method" name="inferMime" visibility="public" complexity="8" crap="8.23" count="26"/>
        <line num="41" type="stmt" count="26"/>
        <line num="42" type="stmt" count="6"/>
        <line num="44" type="stmt" count="20"/>
        <line num="45" type="stmt" count="0"/>
        <line num="47" type="stmt" count="20"/>
        <line num="48" type="stmt" count="0"/>
        <line num="50" type="stmt" count="20"/>
        <line num="52" type="stmt" count="20"/>
        <line num="53" type="stmt" count="4"/>
        <line num="56" type="stmt" count="16"/>
        <line num="58" type="stmt" count="1"/>
        <line num="59" type="stmt" count="1"/>
        <line num="62" type="stmt" count="15"/>
        <line num="72" type="method" name="sanitizeSvg" visibility="public" complexity="5" crap="5.20" count="6"/>
        <line num="74" type="stmt" count="6"/>
        <line num="75" type="stmt" count="6"/>
        <line num="76" type="stmt" count="2"/>
        <line num="78" type="stmt" count="4"/>
        <line num="79" type="stmt" count="4"/>
        <line num="80" type="stmt" count="4"/>
        <line num="81" type="stmt" count="0"/>
        <line num="83" type="stmt" count="4"/>
        <line num="84" type="stmt" count="0"/>
        <line num="86" type="stmt" count="4"/>
        <line num="94" type="method" name="withinSize" visibility="public" complexity="1" crap="1" count="10"/>
        <line num="96" type="stmt" count="10"/>
        <metrics loc="99" ncloc="67" classes="1" methods="4" coveredmethods="2" conditionals="0" coveredconditionals="0" statements="31" coveredstatements="27" elements="35" coveredelements="29"/>
      </file>
      <file name="/home/pa/projects/yagvc/app/Services/LogoProcessor.php">
        <class name="App\Services\LogoProcessor" namespace="App\Services">
          <metrics complexity="91" methods="10" coveredmethods="3" conditionals="0" coveredconditionals="0" statements="202" coveredstatements="168" elements="212" coveredelements="171"/>
        </class>
        <line num="25" type="method" name="__construct" visibility="public" complexity="1" crap="1" count="54"/>
        <line num="27" type="stmt" count="54"/>
        <line num="28" type="stmt" count="54"/>
        <line num="36" type="method" name="prepare" visibility="public" complexity="40" crap="43.23" count="53"/>
        <line num="38" type="stmt" count="53"/>
        <line num="39" type="stmt" count="0"/>
        <line num="43" type="stmt" count="53"/>
        <line num="44" type="stmt" count="25"/>
        <line num="45" type="stmt" count="25"/>
        <line num="46" type="stmt" count="8"/>
        <line num="53" type="stmt" count="53"/>
        <line num="54" type="stmt" count="0"/>
        <line num="55" type="stmt" count="0"/>
        <line num="56" type="stmt" count="0"/>
        <line num="60" type="stmt" count="53"/>
        <line num="61" type="stmt" count="53"/>
        <line num="62" type="stmt" count="53"/>
        <line num="63" type="stmt" count="52"/>
        <line num="64" type="stmt" count="52"/>
        <line num="65" type="stmt" count="52"/>
        <line num="67" type="stmt" count="0"/>
        <line num="72" type="stmt" count="53"/>
        <line num="73" type="stmt" count="15"/>
        <line num="74" type="stmt" count="15"/>
        <line num="75" type="stmt" count="1"/>
        <line num="77" type="stmt" count="14"/>
        <line num="78" type="stmt" count="14"/>
        <line num="79" type="stmt" count="14"/>
        <line num="80" type="stmt" count="14"/>
        <line num="81" type="stmt" count="14"/>
        <line num="83" type="stmt" count="14"/>
        <line num="86" type="stmt" count="38"/>
        <line num="88" type="stmt" count="38"/>
        <line num="89" type="stmt" count="2"/>
        <line num="92" type="stmt" count="36"/>
        <line num="94" type="stmt" count="36"/>
        <line num="96" type="stmt" count="3"/>
        <line num="97" type="stmt" count="3"/>
        <line num="98" type="stmt" count="3"/>
        <line num="99" type="stmt" count="3"/>
        <line num="100" type="stmt" count="3"/>
        <line num="101" type="stmt" count="3"/>
        <line num="103" type="stmt" count="3"/>
        <line num="104" type="stmt" count="3"/>
        <line num="105" type="stmt" count="3"/>
        <line num="106" type="stmt" count="0"/>
        <line num="107" type="stmt" count="0"/>
        <line num="108" type="stmt" count="0"/>
        <line num="109" type="stmt" count="0"/>
        <line num="110" type="stmt" count="0"/>
        <line num="114" type="stmt" count="3"/>
        <line num="115" type="stmt" count="3"/>
        <line num="121" type="stmt" count="33"/>
        <line num="123" type="stmt" count="23"/>
        <line num="124" type="stmt" count="23"/>
        <line num="125" type="stmt" count="0"/>
        <line num="127" type="stmt" count="23"/>
        <line num="128" type="stmt" count="23"/>
        <line num="130" type="stmt" count="23"/>
        <line num="131" type="stmt" count="23"/>
        <line num="132" type="stmt" count="23"/>
        <line num="134" type="stmt" count="19"/>
        <line num="135" type="stmt" count="19"/>
        <line num="136" type="stmt" count="19"/>
        <line num="137" type="stmt" count="19"/>
        <line num="138" type="stmt" count="19"/>
        <line num="139" type="stmt" count="3"/>
        <line num="144" type="stmt" count="20"/>
        <line num="145" type="stmt" count="12"/>
        <line num="146" type="stmt" count="12"/>
        <line num="147" type="stmt" count="12"/>
        <line num="148" type="stmt" count="12"/>
        <line num="150" type="stmt" count="20"/>
        <line num="151" type="stmt" count="20"/>
        <line num="152" type="stmt" count="20"/>
        <line num="153" type="stmt" count="20"/>
        <line num="154" type="stmt" count="20"/>
        <line num="155" type="stmt" count="20"/>
        <line num="156" type="stmt" count="20"/>
        <line num="157" type="stmt" count="20"/>
        <line num="158" type="stmt" count="19"/>
        <line num="159" type="stmt" count="19"/>
        <line num="160" type="stmt" count="19"/>
        <line num="162" type="stmt" count="20"/>
        <line num="166" type="stmt" count="10"/>
        <line num="167" type="stmt" count="10"/>
        <line num="168" type="stmt" count="10"/>
        <line num="169" type="stmt" count="10"/>
        <line num="170" type="stmt" count="10"/>
        <line num="171" type="stmt" count="10"/>
        <line num="173" type="stmt" count="10"/>
        <line num="179" type="method" name="isPreparedPayload" visibility="private" complexity="8" crap="72" count="0"/>
        <line num="181" type="stmt" count="0"/>
        <line num="182" type="stmt" count="0"/>
        <line num="184" type="stmt" count="0"/>
        <line num="185" type="stmt" count="0"/>
        <line num="187" type="stmt" count="0"/>
        <line num="188" type="stmt" count="0"/>
        <line num="190" type="stmt" count="0"/>
        <line num="191" type="stmt" count="0"/>
        <line num="193" type="stmt" count="0"/>
        <line num="196" type="method" name="configInt" visibility="private" complexity="7" crap="13.12" count="53"/>
        <line num="198" type="stmt" count="53"/>
        <line num="199" type="stmt" count="0"/>
        <line num="202" type="stmt" count="53"/>
        <line num="203" type="stmt" count="1"/>
        <line num="204" type="stmt" count="1"/>
        <line num="206" type="stmt" count="52"/>
        <line num="207" type="stmt" count="52"/>
        <line num="209" type="stmt" count="0"/>
        <line num="210" type="stmt" count="0"/>
        <line num="212" type="stmt" count="0"/>
        <line num="213" type="stmt" count="0"/>
        <line num="215" type="stmt" count="0"/>
        <line num="219" type="method" name="decodeDataUrlFromQueryParam" visibility="private" complexity="2" crap="2" count="38"/>
        <line num="222" type="stmt" count="38"/>
        <line num="223" type="stmt" count="38"/>
        <line num="224" type="stmt" count="38"/>
        <line num="225" type="stmt" count="38"/>
        <line num="226" type="stmt" count="2"/>
        <line num="228" type="stmt" count="36"/>
        <line num="235" type="method" name="normaliseLooseBase64" visibility="private" complexity="8" crap="8.30" count="25"/>
        <line num="237" type="stmt" count="25"/>
        <line num="238" type="stmt" count="25"/>
        <line num="239" type="stmt" count="3"/>
        <line num="241" type="stmt" count="22"/>
        <line num="242" type="stmt" count="22"/>
        <line num="243" type="stmt" count="0"/>
        <line num="245" type="stmt" count="22"/>
        <line num="246" type="stmt" count="22"/>
        <line num="247" type="stmt" count="14"/>
        <line num="249" type="stmt" count="8"/>
        <line num="250" type="stmt" count="3"/>
        <line num="251" type="stmt" count="3"/>
        <line num="252" type="stmt" count="0"/>
        <line num="254" type="stmt" count="3"/>
        <line num="256" type="stmt" count="8"/>
        <line num="257" type="stmt" count="8"/>
        <line num="258" type="stmt" count="0"/>
        <line num="260" type="stmt" count="8"/>
        <line num="268" type="method" name="parseDataUri" visibility="private" complexity="4" crap="4.07" count="36"/>
        <line num="270" type="stmt" count="36"/>
        <line num="271" type="stmt" count="0"/>
        <line num="273" type="stmt" count="36"/>
        <line num="274" type="stmt" count="36"/>
        <line num="275" type="stmt" count="3"/>
        <line num="277" type="stmt" count="33"/>
        <line num="284" type="method" name="extractSvgDimensions" visibility="private" complexity="8" crap="8.23" count="10"/>
        <line num="286" type="stmt" count="10"/>
        <line num="287" type="stmt" count="10"/>
        <line num="288" type="stmt" count="6"/>
        <line num="290" type="stmt" count="10"/>
        <line num="291" type="stmt" count="6"/>
        <line num="294" type="stmt" count="10"/>
        <line num="295" type="stmt" count="4"/>
        <line num="296" type="stmt" count="4"/>
        <line num="298" type="stmt" count="10"/>
        <line num="299" type="stmt" count="0"/>
        <line num="301" type="stmt" count="10"/>
        <line num="302" type="stmt" count="0"/>
        <line num="304" type="stmt" count="10"/>
        <line num="311" type="method" name="sizeSvgDataUri" visibility="private" complexity="5" crap="5" count="24"/>
        <line num="313" type="stmt" count="24"/>
        <line num="314" type="stmt" count="24"/>
        <line num="315" type="stmt" count="24"/>
        <line num="317" type="stmt" count="3"/>
        <line num="318" type="stmt" count="3"/>
        <line num="319" type="stmt" count="3"/>
        <line num="320" type="stmt" count="3"/>
        <line num="321" type="stmt" count="21"/>
        <line num="322" type="stmt" count="9"/>
        <line num="323" type="stmt" count="9"/>
        <line num="324" type="stmt" count="9"/>
        <line num="325" type="stmt" count="9"/>
        <line num="327" type="stmt" count="24"/>
        <line num="328" type="stmt" count="24"/>
        <line num="329" type="stmt" count="24"/>
        <line num="330" type="stmt" count="24"/>
        <line num="331" type="stmt" count="24"/>
        <line num="332" type="stmt" count="24"/>
        <line num="333" type="stmt" count="24"/>
        <line num="334" type="stmt" count="10"/>
        <line num="336" type="stmt" count="24"/>
        <line num="343" type="method" name="resolveNamedLogo" visibility="private" complexity="8" crap="8.02" count="16"/>
        <line num="345" type="stmt" count="16"/>
        <line num="346" type="stmt" count="16"/>
        <line num="347" type="stmt" count="16"/>
        <line num="349" type="stmt" count="16"/>
        <line num="350" type="stmt" count="1"/>
        <line num="353" type="stmt" count="1"/>
        <line num="354" type="stmt" count="1"/>
        <line num="355" type="stmt" count="0"/>
        <line num="357" type="stmt" count="1"/>
        <line num="358" type="stmt" count="16"/>
        <line num="359" type="stmt" count="16"/>
        <line num="360" type="stmt" count="16"/>
        <line num="361" type="stmt" count="16"/>
        <line num="362" type="stmt" count="1"/>
        <line num="364" type="stmt" count="15"/>
        <line num="365" type="stmt" count="15"/>
        <line num="366" type="stmt" count="0"/>
        <line num="369" type="stmt" count="15"/>
        <line num="370" type="stmt" count="15"/>
        <line num="371" type="stmt" count="15"/>
        <line num="372" type="stmt" count="15"/>
        <line num="375" type="stmt" count="15"/>
        <line num="376" type="stmt" count="15"/>
        <line num="377" type="stmt" count="15"/>
        <line num="378" type="stmt" count="15"/>
        <line num="379" type="stmt" count="15"/>
        <line num="380" type="stmt" count="15"/>
        <line num="381" type="stmt" count="15"/>
        <metrics loc="384" ncloc="316" classes="1" methods="10" coveredmethods="3" conditionals="0" coveredconditionals="0" statements="202" coveredstatements="168" elements="212" coveredelements="171"/>
      </file>
    </package>
    <metrics files="15" loc="2281" ncloc="1963" classes="14" methods="78" coveredmethods="55" conditionals="0" coveredconditionals="0" statements="1069" coveredstatements="971" elements="1147" coveredelements="1026"/>
  </project>
</coverage>
