<?xml version="1.0" encoding="UTF-8"?>
<coverage generated="1733617249">
  <project timestamp="1733617249">
    <package name="App\Console">
      <file name="/home/runner/work/ghvc/ghvc/app/Console/Kernel.php">
        <class name="App\Console\Kernel" namespace="App\Console">
          <metrics complexity="1" methods="1" coveredmethods="1" conditionals="0" coveredconditionals="0" statements="1" coveredstatements="1" elements="2" coveredelements="2"/>
        </class>
        <line num="22" type="method" name="schedule" visibility="protected" complexity="1" crap="1" count="2"/>
        <line num="25" type="stmt" count="2"/>
        <metrics loc="27" ncloc="16" classes="1" methods="1" coveredmethods="1" conditionals="0" coveredconditionals="0" statements="1" coveredstatements="1" elements="2" coveredelements="2"/>
      </file>
    </package>
    <package name="App\Http\Controllers">
      <file name="/home/runner/work/ghvc/ghvc/app/Http/Controllers/Controller.php">
        <class name="App\Http\Controllers\Controller" namespace="App\Http\Controllers">
          <metrics complexity="0" methods="0" coveredmethods="0" conditionals="0" coveredconditionals="0" statements="0" coveredstatements="0" elements="0" coveredelements="0"/>
        </class>
        <metrics loc="17" ncloc="13" classes="0" methods="0" coveredmethods="0" conditionals="0" coveredconditionals="0" statements="0" coveredstatements="0" elements="0" coveredelements="0"/>
      </file>
      <file name="/home/runner/work/ghvc/ghvc/app/Http/Controllers/ProfileViewsController.php">
        <class name="App\Http\Controllers\ProfileViewsController" namespace="App\Http\Controllers">
          <metrics complexity="4" methods="4" coveredmethods="4" conditionals="0" coveredconditionals="0" statements="19" coveredstatements="19" elements="23" coveredelements="23"/>
        </class>
        <line num="19" type="method" name="__construct" visibility="public" complexity="1" crap="1" count="6"/>
        <line num="23" type="stmt" count="6"/>
        <line num="24" type="stmt" count="6"/>
        <line num="27" type="method" name="index" visibility="public" complexity="1" crap="1" count="6"/>
        <line num="30" type="stmt" count="6"/>
        <line num="31" type="stmt" count="6"/>
        <line num="32" type="stmt" count="6"/>
        <line num="34" type="stmt" count="6"/>
        <line num="37" type="method" name="renderBadge" visibility="private" complexity="1" crap="1" count="6"/>
        <line num="39" type="stmt" count="6"/>
        <line num="40" type="stmt" count="6"/>
        <line num="41" type="stmt" count="6"/>
        <line num="42" type="stmt" count="6"/>
        <line num="43" type="stmt" count="6"/>
        <line num="44" type="stmt" count="6"/>
        <line num="45" type="stmt" count="6"/>
        <line num="48" type="method" name="createBadgeResponse" visibility="private" complexity="1" crap="1" count="6"/>
        <line num="50" type="stmt" count="6"/>
        <line num="51" type="stmt" count="6"/>
        <line num="52" type="stmt" count="6"/>
        <line num="53" type="stmt" count="6"/>
        <line num="54" type="stmt" count="6"/>
        <line num="55" type="stmt" count="6"/>
        <metrics loc="58" ncloc="57" classes="1" methods="4" coveredmethods="4" conditionals="0" coveredconditionals="0" statements="19" coveredstatements="19" elements="23" coveredelements="23"/>
      </file>
    </package>
    <package name="App\Http\Middleware">
      <file name="/home/runner/work/ghvc/ghvc/app/Http/Middleware/ForceJson.php">
        <class name="App\Http\Middleware\ForceJson" namespace="App\Http\Middleware">
          <metrics complexity="1" methods="1" coveredmethods="1" conditionals="0" coveredconditionals="0" statements="2" coveredstatements="2" elements="3" coveredelements="3"/>
        </class>
        <line num="18" type="method" name="handle" visibility="public" complexity="1" crap="1" count="6"/>
        <line num="20" type="stmt" count="6"/>
        <line num="22" type="stmt" count="6"/>
        <metrics loc="25" ncloc="20" classes="1" methods="1" coveredmethods="1" conditionals="0" coveredconditionals="0" statements="2" coveredstatements="2" elements="3" coveredelements="3"/>
      </file>
    </package>
    <package name="App\Http\Requests">
      <file name="/home/runner/work/ghvc/ghvc/app/Http/Requests/ProfileViewsRequest.php">
        <class name="App\Http\Requests\ProfileViewsRequest" namespace="App\Http\Requests">
          <metrics complexity="14" methods="7" coveredmethods="7" conditionals="0" coveredconditionals="0" statements="44" coveredstatements="44" elements="51" coveredelements="51"/>
        </class>
        <line num="20" type="method" name="authorize" visibility="public" complexity="1" crap="1" count="8"/>
        <line num="22" type="stmt" count="8"/>
        <line num="25" type="method" name="rules" visibility="public" complexity="1" crap="1" count="12"/>
        <line num="27" type="stmt" count="12"/>
        <line num="28" type="stmt" count="12"/>
        <line num="29" type="stmt" count="12"/>
        <line num="30" type="stmt" count="12"/>
        <line num="31" type="stmt" count="12"/>
        <line num="32" type="stmt" count="12"/>
        <line num="33" type="stmt" count="12"/>
        <line num="34" type="stmt" count="12"/>
        <line num="35" type="stmt" count="12"/>
        <line num="36" type="stmt" count="12"/>
        <line num="37" type="stmt" count="12"/>
        <line num="38" type="stmt" count="12"/>
        <line num="39" type="stmt" count="12"/>
        <line num="42" type="method" name="messages" visibility="public" complexity="1" crap="1" count="8"/>
        <line num="44" type="stmt" count="8"/>
        <line num="45" type="stmt" count="8"/>
        <line num="46" type="stmt" count="8"/>
        <line num="47" type="stmt" count="8"/>
        <line num="50" type="method" name="failedValidation" visibility="public" complexity="1" crap="1" count="1"/>
        <line num="52" type="stmt" count="1"/>
        <line num="54" type="stmt" count="1"/>
        <line num="55" type="stmt" count="1"/>
        <line num="56" type="stmt" count="1"/>
        <line num="57" type="stmt" count="1"/>
        <line num="58" type="stmt" count="1"/>
        <line num="61" type="method" name="prepareForValidation" visibility="protected" complexity="6" crap="6" count="7"/>
        <line num="63" type="stmt" count="7"/>
        <line num="64" type="stmt" count="7"/>
        <line num="65" type="stmt" count="7"/>
        <line num="67" type="stmt" count="7"/>
        <line num="68" type="stmt" count="7"/>
        <line num="70" type="stmt" count="7"/>
        <line num="72" type="stmt" count="7"/>
        <line num="73" type="stmt" count="7"/>
        <line num="74" type="stmt" count="6"/>
        <line num="78" type="stmt" count="7"/>
        <line num="79" type="stmt" count="2"/>
        <line num="83" type="stmt" count="7"/>
        <line num="90" type="method" name="all" visibility="public" complexity="2" crap="2" count="10"/>
        <line num="92" type="stmt" count="10"/>
        <line num="93" type="stmt" count="10"/>
        <line num="94" type="stmt" count="8"/>
        <line num="96" type="stmt" count="10"/>
        <line num="110" type="method" name="validated" visibility="public" complexity="2" crap="2" count="2"/>
        <line num="112" type="stmt" count="2"/>
        <line num="113" type="stmt" count="2"/>
        <line num="115" type="stmt" count="2"/>
        <line num="117" type="stmt" count="2"/>
        <metrics loc="120" ncloc="107" classes="1" methods="7" coveredmethods="7" conditionals="0" coveredconditionals="0" statements="44" coveredstatements="44" elements="51" coveredelements="51"/>
      </file>
    </package>
    <package name="App\Models">
      <file name="/home/runner/work/ghvc/ghvc/app/Models/Count.php">
        <class name="App\Models\Count" namespace="App\Models">
          <metrics complexity="7" methods="4" coveredmethods="4" conditionals="0" coveredconditionals="0" statements="16" coveredstatements="16" elements="20" coveredelements="20"/>
        </class>
        <line num="20" type="method" name="__construct" visibility="public" complexity="3" crap="3" count="10"/>
        <line num="22" type="stmt" count="10"/>
        <line num="23" type="stmt" count="1"/>
        <line num="26" type="stmt" count="9"/>
        <line num="27" type="stmt" count="3"/>
        <line num="30" type="stmt" count="6"/>
        <line num="33" type="method" name="ofString" visibility="public" complexity="1" crap="1" count="5"/>
        <line num="36" type="stmt" count="5"/>
        <line num="37" type="stmt" count="5"/>
        <line num="38" type="stmt" count="5"/>
        <line num="39" type="stmt" count="5"/>
        <line num="40" type="stmt" count="1"/>
        <line num="42" type="stmt" count="1"/>
        <line num="45" type="method" name="toInt" visibility="public" complexity="1" crap="1" count="5"/>
        <line num="47" type="stmt" count="5"/>
        <line num="50" type="method" name="plus" visibility="public" complexity="2" crap="2" count="2"/>
        <line num="52" type="stmt" count="2"/>
        <line num="53" type="stmt" count="1"/>
        <line num="56" type="stmt" count="1"/>
        <line num="57" type="stmt" count="1"/>
        <metrics loc="60" ncloc="57" classes="1" methods="4" coveredmethods="4" conditionals="0" coveredconditionals="0" statements="16" coveredstatements="16" elements="20" coveredelements="20"/>
      </file>
      <file name="/home/runner/work/ghvc/ghvc/app/Models/ProfileViews.php">
        <class name="App\Models\ProfileViews" namespace="App\Models">
          <metrics complexity="4" methods="2" coveredmethods="2" conditionals="0" coveredconditionals="0" statements="10" coveredstatements="10" elements="12" coveredelements="12"/>
        </class>
        <line num="33" type="method" name="getCount" visibility="public" complexity="2" crap="2" count="6"/>
        <line num="35" type="stmt" count="6"/>
        <line num="36" type="stmt" count="6"/>
        <line num="37" type="stmt" count="6"/>
        <line num="38" type="stmt" count="6"/>
        <line num="41" type="method" name="incrementCount" visibility="public" complexity="2" crap="2" count="8"/>
        <line num="43" type="stmt" count="8"/>
        <line num="44" type="stmt" count="1"/>
        <line num="45" type="stmt" count="1"/>
        <line num="48" type="stmt" count="7"/>
        <line num="49" type="stmt" count="7"/>
        <line num="51" type="stmt" count="7"/>
        <metrics loc="54" ncloc="51" classes="1" methods="2" coveredmethods="2" conditionals="0" coveredconditionals="0" statements="10" coveredstatements="10" elements="12" coveredelements="12"/>
      </file>
    </package>
    <package name="App\Providers">
      <file name="/home/runner/work/ghvc/ghvc/app/Providers/AppServiceProvider.php">
        <class name="App\Providers\AppServiceProvider" namespace="App\Providers">
          <metrics complexity="2" methods="2" coveredmethods="2" conditionals="0" coveredconditionals="0" statements="2" coveredstatements="2" elements="4" coveredelements="4"/>
        </class>
        <line num="13" type="method" name="register" visibility="public" complexity="1" crap="1" count="52"/>
        <line num="16" type="stmt" count="52"/>
        <line num="21" type="method" name="boot" visibility="public" complexity="1" crap="1" count="52"/>
        <line num="23" type="stmt" count="52"/>
        <metrics loc="26" ncloc="19" classes="1" methods="2" coveredmethods="2" conditionals="0" coveredconditionals="0" statements="2" coveredstatements="2" elements="4" coveredelements="4"/>
      </file>
    </package>
    <package name="App\Repositories">
      <file name="/home/runner/work/ghvc/ghvc/app/Repositories/ProfileViewsRepository.php">
        <class name="App\Repositories\ProfileViewsRepository" namespace="App\Repositories">
          <metrics complexity="1" methods="1" coveredmethods="1" conditionals="0" coveredconditionals="0" statements="6" coveredstatements="6" elements="7" coveredelements="7"/>
        </class>
        <line num="9" type="method" name="findOrCreate" visibility="public" complexity="1" crap="1" count="6"/>
        <line num="11" type="stmt" count="6"/>
        <line num="12" type="stmt" count="6"/>
        <line num="13" type="stmt" count="6"/>
        <line num="14" type="stmt" count="6"/>
        <line num="16" type="stmt" count="6"/>
        <line num="18" type="stmt" count="6"/>
        <metrics loc="21" ncloc="21" classes="1" methods="1" coveredmethods="1" conditionals="0" coveredconditionals="0" statements="6" coveredstatements="6" elements="7" coveredelements="7"/>
      </file>
    </package>
    <package name="App\Services">
      <file name="/home/runner/work/ghvc/ghvc/app/Services/BadgeRenderService.php">
        <class name="App\Services\BadgeRenderService" namespace="App\Services">
          <metrics complexity="9" methods="7" coveredmethods="7" conditionals="0" coveredconditionals="0" statements="46" coveredstatements="46" elements="53" coveredelements="53"/>
        </class>
        <line num="21" type="method" name="__construct" visibility="public" complexity="1" crap="1" count="14"/>
        <line num="23" type="stmt" count="14"/>
        <line num="24" type="stmt" count="14"/>
        <line num="25" type="stmt" count="14"/>
        <line num="26" type="stmt" count="14"/>
        <line num="27" type="stmt" count="14"/>
        <line num="28" type="stmt" count="14"/>
        <line num="29" type="stmt" count="14"/>
        <line num="30" type="stmt" count="14"/>
        <line num="31" type="stmt" count="14"/>
        <line num="32" type="stmt" count="14"/>
        <line num="33" type="stmt" count="14"/>
        <line num="34" type="stmt" count="14"/>
        <line num="35" type="stmt" count="14"/>
        <line num="36" type="stmt" count="14"/>
        <line num="39" type="method" name="renderBadgeWithCount" visibility="public" complexity="1" crap="1" count="9"/>
        <line num="46" type="stmt" count="9"/>
        <line num="48" type="stmt" count="9"/>
        <line num="49" type="stmt" count="9"/>
        <line num="50" type="stmt" count="9"/>
        <line num="51" type="stmt" count="9"/>
        <line num="52" type="stmt" count="9"/>
        <line num="53" type="stmt" count="9"/>
        <line num="56" type="method" name="renderBadgeWithError" visibility="public" complexity="1" crap="1" count="1"/>
        <line num="61" type="stmt" count="1"/>
        <line num="63" type="stmt" count="1"/>
        <line num="64" type="stmt" count="1"/>
        <line num="65" type="stmt" count="1"/>
        <line num="66" type="stmt" count="1"/>
        <line num="67" type="stmt" count="1"/>
        <line num="68" type="stmt" count="1"/>
        <line num="71" type="method" name="renderPixel" visibility="public" complexity="1" crap="1" count="1"/>
        <line num="73" type="stmt" count="1"/>
        <line num="76" type="method" name="renderBadge" visibility="private" complexity="1" crap="1" count="10"/>
        <line num="82" type="stmt" count="10"/>
        <line num="83" type="stmt" count="10"/>
        <line num="84" type="stmt" count="10"/>
        <line num="85" type="stmt" count="10"/>
        <line num="86" type="stmt" count="10"/>
        <line num="87" type="stmt" count="10"/>
        <line num="88" type="stmt" count="10"/>
        <line num="95" type="method" name="formatNumber" visibility="private" complexity="2" crap="2" count="10"/>
        <line num="99" type="stmt" count="10"/>
        <line num="100" type="stmt" count="2"/>
        <line num="103" type="stmt" count="8"/>
        <line num="104" type="stmt" count="8"/>
        <line num="106" type="stmt" count="8"/>
        <line num="109" type="method" name="formatAbbreviatedNumber" visibility="public" complexity="2" crap="2" count="3"/>
        <line num="111" type="stmt" count="3"/>
        <line num="113" type="stmt" count="3"/>
        <line num="114" type="stmt" count="2"/>
        <line num="115" type="stmt" count="2"/>
        <line num="118" type="stmt" count="3"/>
        <metrics loc="121" ncloc="117" classes="1" methods="7" coveredmethods="7" conditionals="0" coveredconditionals="0" statements="46" coveredstatements="46" elements="53" coveredelements="53"/>
      </file>
    </package>
    <metrics files="10" loc="529" ncloc="478" classes="9" methods="29" coveredmethods="29" conditionals="0" coveredconditionals="0" statements="146" coveredstatements="146" elements="175" coveredelements="175"/>
  </project>
</coverage>
