<?xml version="1.0" encoding="UTF-8"?>
<coverage generated="1759308625">
  <project timestamp="1759308625" name="Clover Coverage">
    <package name="App\Console">
      <file name="/home/runner/work/yaghvc/yaghvc/app/Console/Kernel.php">
        <class name="App\Console\Kernel" namespace="App\Console">
          <metrics complexity="1" methods="1" coveredmethods="1" conditionals="0" coveredconditionals="0" statements="1" coveredstatements="1" elements="2" coveredelements="2"/>
        </class>
        <line num="22" type="method" name="schedule" visibility="protected" complexity="1" crap="1" count="2"/>
        <line num="25" type="stmt" count="2"/>
        <metrics loc="27" ncloc="16" classes="1" methods="1" coveredmethods="1" conditionals="0" coveredconditionals="0" statements="1" coveredstatements="1" elements="2" coveredelements="2"/>
      </file>
    </package>
    <file name="/home/runner/work/yaghvc/yaghvc/app/Contracts/BadgeRendererStrategyInterface.php">
      <metrics loc="26" ncloc="11" classes="0" methods="0" coveredmethods="0" conditionals="0" coveredconditionals="0" statements="0" coveredstatements="0" elements="0" coveredelements="0"/>
    </file>
    <file name="/home/runner/work/yaghvc/yaghvc/app/Contracts/LogoHandlerInterface.php">
      <metrics loc="36" ncloc="16" classes="0" methods="0" coveredmethods="0" conditionals="0" coveredconditionals="0" statements="0" coveredstatements="0" elements="0" coveredelements="0"/>
    </file>
    <package name="App\Factories">
      <file name="/home/runner/work/yaghvc/yaghvc/app/Factories/BadgeRendererFactory.php">
        <class name="App\Factories\BadgeRendererFactory" namespace="App\Factories">
          <metrics complexity="6" methods="2" coveredmethods="2" conditionals="0" coveredconditionals="0" statements="15" coveredstatements="15" elements="17" coveredelements="17"/>
        </class>
        <line num="29" type="method" name="__construct" visibility="public" complexity="1" crap="1" count="133"/>
        <line num="32" type="stmt" count="133"/>
        <line num="41" type="method" name="create" visibility="public" complexity="5" crap="5" count="95"/>
        <line num="43" type="stmt" count="95"/>
        <line num="44" type="stmt" count="6"/>
        <line num="45" type="stmt" count="6"/>
        <line num="46" type="stmt" count="6"/>
        <line num="47" type="stmt" count="59"/>
        <line num="48" type="stmt" count="59"/>
        <line num="49" type="stmt" count="59"/>
        <line num="50" type="stmt" count="5"/>
        <line num="51" type="stmt" count="5"/>
        <line num="52" type="stmt" count="5"/>
        <line num="53" type="stmt" count="95"/>
        <line num="54" type="stmt" count="95"/>
        <line num="55" type="stmt" count="95"/>
        <line num="56" type="stmt" count="95"/>
        <metrics loc="59" ncloc="45" classes="1" methods="2" coveredmethods="2" conditionals="0" coveredconditionals="0" statements="15" coveredstatements="15" elements="17" coveredelements="17"/>
      </file>
      <file name="/home/runner/work/yaghvc/yaghvc/app/Factories/LogoProcessorChainFactory.php">
        <class name="App\Factories\LogoProcessorChainFactory" namespace="App\Factories">
          <metrics complexity="6" methods="3" coveredmethods="2" conditionals="0" coveredconditionals="0" statements="28" coveredstatements="20" elements="31" coveredelements="22"/>
        </class>
        <line num="40" type="method" name="create" visibility="public" complexity="1" crap="1" count="69"/>
        <line num="43" type="stmt" count="69"/>
        <line num="44" type="stmt" count="69"/>
        <line num="45" type="stmt" count="69"/>
        <line num="46" type="stmt" count="69"/>
        <line num="47" type="stmt" count="69"/>
        <line num="50" type="stmt" count="69"/>
        <line num="51" type="stmt" count="69"/>
        <line num="52" type="stmt" count="69"/>
        <line num="53" type="stmt" count="69"/>
        <line num="54" type="stmt" count="69"/>
        <line num="56" type="stmt" count="69"/>
        <line num="74" type="method" name="createRequest" visibility="public" complexity="1" crap="1" count="69"/>
        <line num="83" type="stmt" count="69"/>
        <line num="84" type="stmt" count="69"/>
        <line num="85" type="stmt" count="69"/>
        <line num="86" type="stmt" count="69"/>
        <line num="87" type="stmt" count="69"/>
        <line num="88" type="stmt" count="69"/>
        <line num="89" type="stmt" count="69"/>
        <line num="90" type="stmt" count="69"/>
        <line num="91" type="stmt" count="69"/>
        <line num="97" type="method" name="getConfigInt" visibility="private" complexity="4" crap="20" count="0"/>
        <line num="99" type="stmt" count="0"/>
        <line num="100" type="stmt" count="0"/>
        <line num="103" type="stmt" count="0"/>
        <line num="105" type="stmt" count="0"/>
        <line num="106" type="stmt" count="0"/>
        <line num="109" type="stmt" count="0"/>
        <line num="110" type="stmt" count="0"/>
        <line num="113" type="stmt" count="0"/>
        <metrics loc="116" ncloc="73" classes="1" methods="3" coveredmethods="2" conditionals="0" coveredconditionals="0" statements="28" coveredstatements="20" elements="31" coveredelements="22"/>
      </file>
    </package>
    <package name="App\Http\Controllers">
      <file name="/home/runner/work/yaghvc/yaghvc/app/Http/Controllers/Controller.php">
        <class name="App\Http\Controllers\Controller" namespace="App\Http\Controllers">
          <metrics complexity="0" methods="0" coveredmethods="0" conditionals="0" coveredconditionals="0" statements="0" coveredstatements="0" elements="0" coveredelements="0"/>
        </class>
        <metrics loc="18" ncloc="13" classes="0" methods="0" coveredmethods="0" conditionals="0" coveredconditionals="0" statements="0" coveredstatements="0" elements="0" coveredelements="0"/>
      </file>
      <file name="/home/runner/work/yaghvc/yaghvc/app/Http/Controllers/ProfileViewsController.php">
        <class name="App\Http\Controllers\ProfileViewsController" namespace="App\Http\Controllers">
          <metrics complexity="10" methods="6" coveredmethods="6" conditionals="0" coveredconditionals="0" statements="42" coveredstatements="42" elements="48" coveredelements="48"/>
        </class>
        <line num="23" type="method" name="__construct" visibility="public" complexity="1" crap="1" count="73"/>
        <line num="28" type="stmt" count="73"/>
        <line num="36" type="method" name="index" visibility="public" complexity="1" crap="1" count="57"/>
        <line num="38" type="stmt" count="57"/>
        <line num="39" type="stmt" count="57"/>
        <line num="42" type="stmt" count="57"/>
        <line num="44" type="stmt" count="57"/>
        <line num="45" type="stmt" count="57"/>
        <line num="46" type="stmt" count="57"/>
        <line num="47" type="stmt" count="57"/>
        <line num="49" type="stmt" count="57"/>
        <line num="51" type="stmt" count="57"/>
        <line num="61" type="method" name="renderBadge" visibility="private" complexity="2" crap="2" count="58"/>
        <line num="63" type="stmt" count="58"/>
        <line num="64" type="stmt" count="58"/>
        <line num="65" type="stmt" count="58"/>
        <line num="66" type="stmt" count="58"/>
        <line num="69" type="stmt" count="58"/>
        <line num="72" type="stmt" count="58"/>
        <line num="73" type="stmt" count="58"/>
        <line num="74" type="stmt" count="32"/>
        <line num="77" type="stmt" count="58"/>
        <line num="78" type="stmt" count="58"/>
        <line num="79" type="stmt" count="58"/>
        <line num="80" type="stmt" count="58"/>
        <line num="81" type="stmt" count="58"/>
        <line num="82" type="stmt" count="58"/>
        <line num="83" type="stmt" count="58"/>
        <line num="84" type="stmt" count="58"/>
        <line num="85" type="stmt" count="58"/>
        <line num="86" type="stmt" count="58"/>
        <line num="87" type="stmt" count="58"/>
        <line num="90" type="method" name="createBadgeResponse" visibility="private" complexity="2" crap="2" count="59"/>
        <line num="92" type="stmt" count="59"/>
        <line num="93" type="stmt" count="59"/>
        <line num="94" type="stmt" count="59"/>
        <line num="95" type="stmt" count="59"/>
        <line num="96" type="stmt" count="59"/>
        <line num="97" type="stmt" count="59"/>
        <line num="99" type="stmt" count="59"/>
        <line num="100" type="stmt" count="1"/>
        <line num="101" type="stmt" count="1"/>
        <line num="104" type="stmt" count="59"/>
        <line num="111" type="method" name="normaliseValidatedInput" visibility="private" complexity="2" crap="2" count="58"/>
        <line num="113" type="stmt" count="58"/>
        <line num="122" type="method" name="queryString" visibility="private" complexity="2" crap="2" count="33"/>
        <line num="124" type="stmt" count="33"/>
        <line num="125" type="stmt" count="33"/>
        <metrics loc="128" ncloc="96" classes="1" methods="6" coveredmethods="6" conditionals="0" coveredconditionals="0" statements="42" coveredstatements="42" elements="48" coveredelements="48"/>
      </file>
    </package>
    <package name="App\Http\Middleware">
      <file name="/home/runner/work/yaghvc/yaghvc/app/Http/Middleware/ForceJson.php">
        <class name="App\Http\Middleware\ForceJson" namespace="App\Http\Middleware">
          <metrics complexity="1" methods="1" coveredmethods="1" conditionals="0" coveredconditionals="0" statements="2" coveredstatements="2" elements="3" coveredelements="3"/>
        </class>
        <line num="19" type="method" name="handle" visibility="public" complexity="1" crap="1" count="61"/>
        <line num="21" type="stmt" count="61"/>
        <line num="23" type="stmt" count="61"/>
        <metrics loc="26" ncloc="20" classes="1" methods="1" coveredmethods="1" conditionals="0" coveredconditionals="0" statements="2" coveredstatements="2" elements="3" coveredelements="3"/>
      </file>
      <file name="/home/runner/work/yaghvc/yaghvc/app/Http/Middleware/GithubCamoOnly.php">
        <class name="App\Http\Middleware\GithubCamoOnly" namespace="App\Http\Middleware">
          <metrics complexity="17" methods="3" coveredmethods="3" conditionals="0" coveredconditionals="0" statements="39" coveredstatements="39" elements="42" coveredelements="42"/>
        </class>
        <line num="21" type="method" name="handle" visibility="public" complexity="5" crap="5" count="65"/>
        <line num="23" type="stmt" count="65"/>
        <line num="25" type="stmt" count="65"/>
        <line num="28" type="stmt" count="65"/>
        <line num="29" type="stmt" count="1"/>
        <line num="33" type="stmt" count="64"/>
        <line num="34" type="stmt" count="1"/>
        <line num="38" type="stmt" count="63"/>
        <line num="39" type="stmt" count="1"/>
        <line num="43" type="stmt" count="62"/>
        <line num="44" type="stmt" count="62"/>
        <line num="45" type="stmt" count="61"/>
        <line num="49" type="stmt" count="1"/>
        <line num="50" type="stmt" count="1"/>
        <line num="51" type="stmt" count="1"/>
        <line num="52" type="stmt" count="1"/>
        <line num="53" type="stmt" count="1"/>
        <line num="55" type="stmt" count="1"/>
        <line num="58" type="method" name="boolConfig" visibility="private" complexity="6" crap="6" count="66"/>
        <line num="60" type="stmt" count="66"/>
        <line num="61" type="stmt" count="66"/>
        <line num="62" type="stmt" count="65"/>
        <line num="64" type="stmt" count="1"/>
        <line num="65" type="stmt" count="1"/>
        <line num="66" type="stmt" count="1"/>
        <line num="67" type="stmt" count="1"/>
        <line num="69" type="stmt" count="1"/>
        <line num="70" type="stmt" count="1"/>
        <line num="73" type="stmt" count="1"/>
        <line num="74" type="stmt" count="1"/>
        <line num="76" type="stmt" count="1"/>
        <line num="83" type="method" name="stringListConfig" visibility="private" complexity="6" crap="6" count="63"/>
        <line num="85" type="stmt" count="63"/>
        <line num="86" type="stmt" count="63"/>
        <line num="87" type="stmt" count="1"/>
        <line num="89" type="stmt" count="63"/>
        <line num="90" type="stmt" count="63"/>
        <line num="91" type="stmt" count="63"/>
        <line num="92" type="stmt" count="63"/>
        <line num="95" type="stmt" count="63"/>
        <line num="96" type="stmt" count="1"/>
        <line num="99" type="stmt" count="63"/>
        <metrics loc="102" ncloc="86" classes="1" methods="3" coveredmethods="3" conditionals="0" coveredconditionals="0" statements="39" coveredstatements="39" elements="42" coveredelements="42"/>
      </file>
    </package>
    <package name="App\Http\Requests">
      <file name="/home/runner/work/yaghvc/yaghvc/app/Http/Requests/ProfileViewsRequest.php">
        <class name="App\Http\Requests\ProfileViewsRequest" namespace="App\Http\Requests">
          <metrics complexity="45" methods="10" coveredmethods="9" conditionals="0" coveredconditionals="0" statements="120" coveredstatements="114" elements="130" coveredelements="123"/>
        </class>
        <line num="40" type="method" name="authorize" visibility="public" complexity="1" crap="1" count="67"/>
        <line num="42" type="stmt" count="67"/>
        <line num="49" type="method" name="rules" visibility="public" complexity="1" crap="1" count="81"/>
        <line num="51" type="stmt" count="81"/>
        <line num="52" type="stmt" count="81"/>
        <line num="53" type="stmt" count="81"/>
        <line num="54" type="stmt" count="81"/>
        <line num="55" type="stmt" count="81"/>
        <line num="56" type="stmt" count="81"/>
        <line num="57" type="stmt" count="81"/>
        <line num="58" type="stmt" count="81"/>
        <line num="59" type="stmt" count="81"/>
        <line num="60" type="stmt" count="81"/>
        <line num="61" type="stmt" count="81"/>
        <line num="62" type="stmt" count="81"/>
        <line num="63" type="stmt" count="81"/>
        <line num="64" type="stmt" count="81"/>
        <line num="73" type="stmt" count="81"/>
        <line num="74" type="stmt" count="81"/>
        <line num="75" type="stmt" count="81"/>
        <line num="76" type="stmt" count="81"/>
        <line num="77" type="stmt" count="81"/>
        <line num="78" type="stmt" count="81"/>
        <line num="79" type="stmt" count="81"/>
        <line num="80" type="stmt" count="81"/>
        <line num="87" type="method" name="messages" visibility="public" complexity="1" crap="1" count="67"/>
        <line num="89" type="stmt" count="67"/>
        <line num="90" type="stmt" count="67"/>
        <line num="91" type="stmt" count="67"/>
        <line num="92" type="stmt" count="67"/>
        <line num="93" type="stmt" count="67"/>
        <line num="96" type="method" name="failedValidation" visibility="public" complexity="1" crap="1" count="6"/>
        <line num="98" type="stmt" count="6"/>
        <line num="100" type="stmt" count="6"/>
        <line num="101" type="stmt" count="6"/>
        <line num="102" type="stmt" count="6"/>
        <line num="103" type="stmt" count="6"/>
        <line num="104" type="stmt" count="6"/>
        <line num="107" type="method" name="prepareForValidation" visibility="protected" complexity="16" crap="16" count="66"/>
        <line num="109" type="stmt" count="66"/>
        <line num="110" type="stmt" count="66"/>
        <line num="111" type="stmt" count="66"/>
        <line num="113" type="stmt" count="66"/>
        <line num="114" type="stmt" count="66"/>
        <line num="115" type="stmt" count="66"/>
        <line num="116" type="stmt" count="66"/>
        <line num="118" type="stmt" count="66"/>
        <line num="120" type="stmt" count="66"/>
        <line num="121" type="stmt" count="66"/>
        <line num="122" type="stmt" count="66"/>
        <line num="123" type="stmt" count="66"/>
        <line num="125" type="stmt" count="29"/>
        <line num="126" type="stmt" count="29"/>
        <line num="129" type="stmt" count="66"/>
        <line num="130" type="stmt" count="66"/>
        <line num="131" type="stmt" count="44"/>
        <line num="133" type="stmt" count="44"/>
        <line num="134" type="stmt" count="1"/>
        <line num="135" type="stmt" count="1"/>
        <line num="138" type="stmt" count="44"/>
        <line num="139" type="stmt" count="17"/>
        <line num="140" type="stmt" count="17"/>
        <line num="141" type="stmt" count="17"/>
        <line num="142" type="stmt" count="17"/>
        <line num="143" type="stmt" count="4"/>
        <line num="144" type="stmt" count="4"/>
        <line num="145" type="stmt" count="4"/>
        <line num="146" type="stmt" count="4"/>
        <line num="151" type="stmt" count="44"/>
        <line num="154" type="stmt" count="66"/>
        <line num="155" type="stmt" count="8"/>
        <line num="159" type="stmt" count="66"/>
        <line num="168" type="method" name="passedValidation" visibility="protected" complexity="15" crap="17.21" count="61"/>
        <line num="171" type="stmt" count="61"/>
        <line num="172" type="stmt" count="61"/>
        <line num="173" type="stmt" count="24"/>
        <line num="176" type="stmt" count="39"/>
        <line num="177" type="stmt" count="23"/>
        <line num="180" type="stmt" count="17"/>
        <line num="182" type="stmt" count="17"/>
        <line num="183" type="stmt" count="7"/>
        <line num="185" type="stmt" count="17"/>
        <line num="186" type="stmt" count="17"/>
        <line num="187" type="stmt" count="1"/>
        <line num="188" type="stmt" count="0"/>
        <line num="190" type="stmt" count="16"/>
        <line num="191" type="stmt" count="16"/>
        <line num="192" type="stmt" count="0"/>
        <line num="193" type="stmt" count="0"/>
        <line num="196" type="stmt" count="16"/>
        <line num="197" type="stmt" count="16"/>
        <line num="198" type="stmt" count="3"/>
        <line num="199" type="stmt" count="0"/>
        <line num="202" type="stmt" count="13"/>
        <line num="203" type="stmt" count="13"/>
        <line num="204" type="stmt" count="2"/>
        <line num="205" type="stmt" count="0"/>
        <line num="207" type="stmt" count="11"/>
        <line num="208" type="stmt" count="6"/>
        <line num="209" type="stmt" count="4"/>
        <line num="210" type="stmt" count="0"/>
        <line num="215" type="method" name="failLogo" visibility="private" complexity="1" crap="1" count="10"/>
        <line num="217" type="stmt" count="10"/>
        <line num="218" type="stmt" count="10"/>
        <line num="219" type="stmt" count="10"/>
        <line num="220" type="stmt" count="10"/>
        <line num="221" type="stmt" count="10"/>
        <line num="222" type="stmt" count="10"/>
        <line num="223" type="stmt" count="10"/>
        <line num="232" type="method" name="all" visibility="public" complexity="2" crap="2" count="79"/>
        <line num="234" type="stmt" count="79"/>
        <line num="235" type="stmt" count="79"/>
        <line num="236" type="stmt" count="76"/>
        <line num="239" type="stmt" count="79"/>
        <line num="248" type="method" name="validated" visibility="public" complexity="2" crap="2" count="3"/>
        <line num="250" type="stmt" count="3"/>
        <line num="251" type="stmt" count="3"/>
        <line num="252" type="stmt" count="3"/>
        <line num="254" type="stmt" count="3"/>
        <line num="255" type="stmt" count="1"/>
        <line num="258" type="stmt" count="2"/>
        <line num="261" type="method" name="intConfig" visibility="private" complexity="5" crap="5" count="14"/>
        <line num="263" type="stmt" count="14"/>
        <line num="264" type="stmt" count="14"/>
        <line num="265" type="stmt" count="13"/>
        <line num="267" type="stmt" count="1"/>
        <line num="268" type="stmt" count="1"/>
        <line num="270" type="stmt" count="1"/>
        <line num="271" type="stmt" count="1"/>
        <line num="273" type="stmt" count="1"/>
        <metrics loc="276" ncloc="228" classes="1" methods="10" coveredmethods="9" conditionals="0" coveredconditionals="0" statements="120" coveredstatements="114" elements="130" coveredelements="123"/>
      </file>
    </package>
    <package name="App\Models">
      <file name="/home/runner/work/yaghvc/yaghvc/app/Models/Count.php">
        <class name="App\Models\Count" namespace="App\Models">
          <metrics complexity="11" methods="5" coveredmethods="5" conditionals="0" coveredconditionals="0" statements="20" coveredstatements="20" elements="25" coveredelements="25"/>
        </class>
        <line num="23" type="method" name="__construct" visibility="public" complexity="6" crap="6" count="13"/>
        <line num="25" type="stmt" count="13"/>
        <line num="26" type="stmt" count="4"/>
        <line num="27" type="stmt" count="2"/>
        <line num="30" type="stmt" count="11"/>
        <line num="31" type="stmt" count="2"/>
        <line num="34" type="stmt" count="9"/>
        <line num="35" type="stmt" count="3"/>
        <line num="38" type="stmt" count="6"/>
        <line num="41" type="method" name="ofString" visibility="public" complexity="1" crap="1" count="5"/>
        <line num="43" type="stmt" count="5"/>
        <line num="44" type="stmt" count="5"/>
        <line num="45" type="stmt" count="5"/>
        <line num="46" type="stmt" count="5"/>
        <line num="47" type="stmt" count="1"/>
        <line num="49" type="stmt" count="1"/>
        <line num="52" type="method" name="toInt" visibility="public" complexity="1" crap="1" count="5"/>
        <line num="54" type="stmt" count="5"/>
        <line num="57" type="method" name="plus" visibility="public" complexity="2" crap="2" count="2"/>
        <line num="59" type="stmt" count="2"/>
        <line num="60" type="stmt" count="1"/>
        <line num="63" type="stmt" count="1"/>
        <line num="64" type="stmt" count="1"/>
        <line num="70" type="method" name="newFactory" visibility="protected" complexity="1" crap="1" count="1"/>
        <line num="72" type="stmt" count="1"/>
        <metrics loc="75" ncloc="66" classes="1" methods="5" coveredmethods="5" conditionals="0" coveredconditionals="0" statements="20" coveredstatements="20" elements="25" coveredelements="25"/>
      </file>
      <file name="/home/runner/work/yaghvc/yaghvc/app/Models/ProfileViews.php">
        <class name="App\Models\ProfileViews" namespace="App\Models">
          <metrics complexity="8" methods="3" coveredmethods="3" conditionals="0" coveredconditionals="0" statements="20" coveredstatements="20" elements="23" coveredelements="23"/>
        </class>
        <line num="42" type="method" name="getCount" visibility="public" complexity="4" crap="4" count="62"/>
        <line num="44" type="stmt" count="62"/>
        <line num="47" type="stmt" count="62"/>
        <line num="48" type="stmt" count="62"/>
        <line num="50" type="stmt" count="62"/>
        <line num="51" type="stmt" count="12"/>
        <line num="53" type="stmt" count="53"/>
        <line num="56" type="stmt" count="62"/>
        <line num="57" type="stmt" count="62"/>
        <line num="58" type="stmt" count="1"/>
        <line num="61" type="stmt" count="61"/>
        <line num="62" type="stmt" count="62"/>
        <line num="64" type="stmt" count="62"/>
        <line num="67" type="method" name="incrementCount" visibility="public" complexity="3" crap="3" count="71"/>
        <line num="69" type="stmt" count="71"/>
        <line num="70" type="stmt" count="2"/>
        <line num="71" type="stmt" count="2"/>
        <line num="74" type="stmt" count="69"/>
        <line num="75" type="stmt" count="69"/>
        <line num="78" type="stmt" count="69"/>
        <line num="79" type="stmt" count="69"/>
        <line num="85" type="method" name="newFactory" visibility="protected" complexity="1" crap="1" count="7"/>
        <line num="87" type="stmt" count="7"/>
        <metrics loc="90" ncloc="74" classes="1" methods="3" coveredmethods="3" conditionals="0" coveredconditionals="0" statements="20" coveredstatements="20" elements="23" coveredelements="23"/>
      </file>
    </package>
    <package name="App\Providers">
      <file name="/home/runner/work/yaghvc/yaghvc/app/Providers/AppServiceProvider.php">
        <class name="App\Providers\AppServiceProvider" namespace="App\Providers">
          <metrics complexity="16" methods="5" coveredmethods="5" conditionals="0" coveredconditionals="0" statements="44" coveredstatements="44" elements="49" coveredelements="49"/>
        </class>
        <line num="18" type="method" name="register" visibility="public" complexity="1" crap="1" count="406"/>
        <line num="22" type="stmt" count="406"/>
        <line num="28" type="method" name="boot" visibility="public" complexity="7" crap="7" count="406"/>
        <line num="30" type="stmt" count="406"/>
        <line num="32" type="stmt" count="406"/>
        <line num="33" type="stmt" count="62"/>
        <line num="34" type="stmt" count="62"/>
        <line num="36" type="stmt" count="62"/>
        <line num="37" type="stmt" count="62"/>
        <line num="39" type="stmt" count="62"/>
        <line num="40" type="stmt" count="62"/>
        <line num="41" type="stmt" count="62"/>
        <line num="42" type="stmt" count="62"/>
        <line num="43" type="stmt" count="62"/>
        <line num="44" type="stmt" count="62"/>
        <line num="45" type="stmt" count="62"/>
        <line num="46" type="stmt" count="62"/>
        <line num="47" type="stmt" count="62"/>
        <line num="48" type="stmt" count="62"/>
        <line num="49" type="stmt" count="62"/>
        <line num="50" type="stmt" count="62"/>
        <line num="51" type="stmt" count="62"/>
        <line num="52" type="stmt" count="62"/>
        <line num="53" type="stmt" count="62"/>
        <line num="54" type="stmt" count="62"/>
        <line num="56" type="stmt" count="62"/>
        <line num="58" type="stmt" count="62"/>
        <line num="59" type="stmt" count="62"/>
        <line num="60" type="stmt" count="62"/>
        <line num="61" type="stmt" count="62"/>
        <line num="62" type="stmt" count="62"/>
        <line num="63" type="stmt" count="61"/>
        <line num="66" type="stmt" count="62"/>
        <line num="67" type="stmt" count="406"/>
        <line num="73" type="method" name="sanitizeKeySegment" visibility="private" complexity="2" crap="2" count="63"/>
        <line num="75" type="stmt" count="63"/>
        <line num="76" type="stmt" count="63"/>
        <line num="78" type="stmt" count="63"/>
        <line num="81" type="method" name="configInt" visibility="private" complexity="1" crap="1" count="62"/>
        <line num="83" type="stmt" count="62"/>
        <line num="84" type="stmt" count="62"/>
        <line num="87" type="method" name="intFromMixed" visibility="private" complexity="5" crap="5" count="63"/>
        <line num="89" type="stmt" count="63"/>
        <line num="90" type="stmt" count="7"/>
        <line num="92" type="stmt" count="60"/>
        <line num="93" type="stmt" count="60"/>
        <line num="95" type="stmt" count="1"/>
        <line num="96" type="stmt" count="1"/>
        <line num="98" type="stmt" count="1"/>
        <metrics loc="101" ncloc="89" classes="1" methods="5" coveredmethods="5" conditionals="0" coveredconditionals="0" statements="44" coveredstatements="44" elements="49" coveredelements="49"/>
      </file>
    </package>
    <package name="App\Repositories">
      <file name="/home/runner/work/yaghvc/yaghvc/app/Repositories/ProfileViewsRepository.php">
        <class name="App\Repositories\ProfileViewsRepository" namespace="App\Repositories">
          <metrics complexity="2" methods="1" coveredmethods="1" conditionals="0" coveredconditionals="0" statements="10" coveredstatements="10" elements="11" coveredelements="11"/>
        </class>
        <line num="10" type="method" name="findOrCreate" visibility="public" complexity="2" crap="2" count="64"/>
        <line num="12" type="stmt" count="64"/>
        <line num="13" type="stmt" count="64"/>
        <line num="15" type="stmt" count="64"/>
        <line num="16" type="stmt" count="13"/>
        <line num="19" type="stmt" count="64"/>
        <line num="20" type="stmt" count="64"/>
        <line num="21" type="stmt" count="64"/>
        <line num="22" type="stmt" count="64"/>
        <line num="24" type="stmt" count="64"/>
        <line num="26" type="stmt" count="64"/>
        <metrics loc="29" ncloc="28" classes="1" methods="1" coveredmethods="1" conditionals="0" coveredconditionals="0" statements="10" coveredstatements="10" elements="11" coveredelements="11"/>
      </file>
    </package>
    <package name="App\Services">
      <file name="/home/runner/work/yaghvc/yaghvc/app/Services/BadgeGeometryParser.php">
        <class name="App\Services\BadgeGeometryParser" namespace="App\Services">
          <metrics complexity="8" methods="1" coveredmethods="1" conditionals="0" coveredconditionals="0" statements="20" coveredstatements="20" elements="21" coveredelements="21"/>
        </class>
        <line num="19" type="method" name="parse" visibility="public" complexity="8" crap="8" count="55"/>
        <line num="21" type="stmt" count="55"/>
        <line num="22" type="stmt" count="1"/>
        <line num="24" type="stmt" count="54"/>
        <line num="25" type="stmt" count="54"/>
        <line num="26" type="stmt" count="54"/>
        <line num="27" type="stmt" count="54"/>
        <line num="29" type="stmt" count="54"/>
        <line num="30" type="stmt" count="54"/>
        <line num="32" type="stmt" count="1"/>
        <line num="34" type="stmt" count="53"/>
        <line num="37" type="stmt" count="53"/>
        <line num="38" type="stmt" count="4"/>
        <line num="39" type="stmt" count="4"/>
        <line num="40" type="stmt" count="49"/>
        <line num="41" type="stmt" count="48"/>
        <line num="42" type="stmt" count="48"/>
        <line num="44" type="stmt" count="1"/>
        <line num="48" type="stmt" count="52"/>
        <line num="49" type="stmt" count="1"/>
        <line num="52" type="stmt" count="51"/>
        <metrics loc="55" ncloc="48" classes="1" methods="1" coveredmethods="1" conditionals="0" coveredconditionals="0" statements="20" coveredstatements="20" elements="21" coveredelements="21"/>
      </file>
      <file name="/home/runner/work/yaghvc/yaghvc/app/Services/BadgeGeometryResult.php">
        <class name="App\Services\BadgeGeometryResult" namespace="App\Services">
          <metrics complexity="3" methods="3" coveredmethods="3" conditionals="0" coveredconditionals="0" statements="3" coveredstatements="3" elements="6" coveredelements="6"/>
        </class>
        <line num="14" type="method" name="__construct" visibility="public" complexity="1" crap="1" count="55"/>
        <line num="23" type="stmt" count="55"/>
        <line num="25" type="method" name="success" visibility="public" complexity="1" crap="1" count="51"/>
        <line num="32" type="stmt" count="51"/>
        <line num="35" type="method" name="failure" visibility="public" complexity="1" crap="1" count="4"/>
        <line num="37" type="stmt" count="4"/>
        <metrics loc="40" ncloc="35" classes="1" methods="3" coveredmethods="3" conditionals="0" coveredconditionals="0" statements="3" coveredstatements="3" elements="6" coveredelements="6"/>
      </file>
      <file name="/home/runner/work/yaghvc/yaghvc/app/Services/BadgeRenderService.php">
        <class name="App\Services\BadgeRenderService" namespace="App\Services">
          <metrics complexity="134" methods="21" coveredmethods="12" conditionals="0" coveredconditionals="0" statements="448" coveredstatements="407" elements="469" coveredelements="419"/>
        </class>
        <line num="27" type="method" name="__construct" visibility="public" complexity="1" crap="1" count="141"/>
        <line num="30" type="stmt" count="141"/>
        <line num="32" type="method" name="renderBadgeWithCount" visibility="public" complexity="1" crap="1" count="84"/>
        <line num="43" type="stmt" count="84"/>
        <line num="45" type="stmt" count="84"/>
        <line num="46" type="stmt" count="84"/>
        <line num="47" type="stmt" count="84"/>
        <line num="48" type="stmt" count="84"/>
        <line num="49" type="stmt" count="84"/>
        <line num="50" type="stmt" count="84"/>
        <line num="51" type="stmt" count="84"/>
        <line num="52" type="stmt" count="84"/>
        <line num="53" type="stmt" count="84"/>
        <line num="54" type="stmt" count="84"/>
        <line num="57" type="method" name="renderBadgeWithError" visibility="public" complexity="1" crap="1" count="2"/>
        <line num="62" type="stmt" count="2"/>
        <line num="64" type="stmt" count="2"/>
        <line num="65" type="stmt" count="2"/>
        <line num="66" type="stmt" count="2"/>
        <line num="67" type="stmt" count="2"/>
        <line num="68" type="stmt" count="2"/>
        <line num="69" type="stmt" count="2"/>
        <line num="72" type="method" name="renderPixel" visibility="public" complexity="1" crap="1" count="2"/>
        <line num="74" type="stmt" count="2"/>
        <line num="77" type="method" name="renderBadge" visibility="private" complexity="3" crap="3" count="86"/>
        <line num="88" type="stmt" count="86"/>
        <line num="89" type="stmt" count="86"/>
        <line num="90" type="stmt" count="86"/>
        <line num="91" type="stmt" count="86"/>
        <line num="92" type="stmt" count="86"/>
        <line num="93" type="stmt" count="86"/>
        <line num="96" type="stmt" count="86"/>
        <line num="97" type="stmt" count="48"/>
        <line num="99" type="stmt" count="86"/>
        <line num="100" type="stmt" count="7"/>
        <line num="103" type="stmt" count="86"/>
        <line num="106" type="method" name="formatNumber" visibility="private" complexity="2" crap="2" count="85"/>
        <line num="110" type="stmt" count="85"/>
        <line num="111" type="stmt" count="10"/>
        <line num="114" type="stmt" count="75"/>
        <line num="115" type="stmt" count="75"/>
        <line num="117" type="stmt" count="75"/>
        <line num="120" type="method" name="formatAbbreviatedNumber" visibility="public" complexity="2" crap="2" count="11"/>
        <line num="122" type="stmt" count="11"/>
        <line num="123" type="stmt" count="11"/>
        <line num="124" type="stmt" count="3"/>
        <line num="125" type="stmt" count="3"/>
        <line num="127" type="stmt" count="11"/>
        <line num="130" type="method" name="applyLabelColor" visibility="private" complexity="3" crap="3" count="8"/>
        <line num="132" type="stmt" count="8"/>
        <line num="133" type="stmt" count="8"/>
        <line num="135" type="stmt" count="8"/>
        <line num="136" type="stmt" count="7"/>
        <line num="137" type="stmt" count="7"/>
        <line num="138" type="stmt" count="7"/>
        <line num="139" type="stmt" count="7"/>
        <line num="142" type="stmt" count="1"/>
        <line num="143" type="stmt" count="1"/>
        <line num="145" type="stmt" count="1"/>
        <line num="148" type="method" name="ensureAccessibleLabels" visibility="private" complexity="5" crap="5.01" count="88"/>
        <line num="150" type="stmt" count="88"/>
        <line num="151" type="stmt" count="88"/>
        <line num="152" type="stmt" count="88"/>
        <line num="154" type="stmt" count="88"/>
        <line num="155" type="stmt" count="88"/>
        <line num="156" type="stmt" count="88"/>
        <line num="159" type="stmt" count="88"/>
        <line num="160" type="stmt" count="88"/>
        <line num="161" type="stmt" count="57"/>
        <line num="162" type="stmt" count="57"/>
        <line num="163" type="stmt" count="57"/>
        <line num="165" type="stmt" count="0"/>
        <line num="168" type="stmt" count="32"/>
        <line num="169" type="stmt" count="32"/>
        <line num="172" type="method" name="applyLogo" visibility="private" complexity="40" crap="55.89" count="54"/>
        <line num="174" type="stmt" count="54"/>
        <line num="175" type="stmt" count="54"/>
        <line num="176" type="stmt" count="54"/>
        <line num="177" type="stmt" count="54"/>
        <line num="178" type="stmt" count="54"/>
        <line num="179" type="stmt" count="54"/>
        <line num="180" type="stmt" count="54"/>
        <line num="181" type="stmt" count="54"/>
        <line num="182" type="stmt" count="54"/>
        <line num="183" type="stmt" count="54"/>
        <line num="184" type="stmt" count="54"/>
        <line num="186" type="stmt" count="54"/>
        <line num="187" type="stmt" count="54"/>
        <line num="188" type="stmt" count="54"/>
        <line num="189" type="stmt" count="11"/>
        <line num="190" type="stmt" count="11"/>
        <line num="191" type="stmt" count="11"/>
        <line num="192" type="stmt" count="6"/>
        <line num="193" type="stmt" count="6"/>
        <line num="194" type="stmt" count="6"/>
        <line num="195" type="stmt" count="6"/>
        <line num="196" type="stmt" count="6"/>
        <line num="197" type="stmt" count="6"/>
        <line num="198" type="stmt" count="6"/>
        <line num="199" type="stmt" count="6"/>
        <line num="200" type="stmt" count="6"/>
        <line num="203" type="stmt" count="6"/>
        <line num="204" type="stmt" count="6"/>
        <line num="205" type="stmt" count="6"/>
        <line num="206" type="stmt" count="3"/>
        <line num="207" type="stmt" count="3"/>
        <line num="208" type="stmt" count="3"/>
        <line num="209" type="stmt" count="3"/>
        <line num="210" type="stmt" count="2"/>
        <line num="211" type="stmt" count="2"/>
        <line num="212" type="stmt" count="2"/>
        <line num="213" type="stmt" count="0"/>
        <line num="214" type="stmt" count="0"/>
        <line num="215" type="stmt" count="0"/>
        <line num="216" type="stmt" count="0"/>
        <line num="218" type="stmt" count="0"/>
        <line num="220" type="stmt" count="2"/>
        <line num="221" type="stmt" count="2"/>
        <line num="222" type="stmt" count="2"/>
        <line num="223" type="stmt" count="2"/>
        <line num="224" type="stmt" count="2"/>
        <line num="225" type="stmt" count="2"/>
        <line num="226" type="stmt" count="2"/>
        <line num="227" type="stmt" count="2"/>
        <line num="232" type="stmt" count="3"/>
        <line num="235" type="stmt" count="4"/>
        <line num="237" type="stmt" count="43"/>
        <line num="238" type="stmt" count="30"/>
        <line num="239" type="stmt" count="30"/>
        <line num="240" type="stmt" count="30"/>
        <line num="241" type="stmt" count="0"/>
        <line num="242" type="stmt" count="0"/>
        <line num="245" type="stmt" count="43"/>
        <line num="246" type="stmt" count="43"/>
        <line num="247" type="stmt" count="43"/>
        <line num="248" type="stmt" count="43"/>
        <line num="249" type="stmt" count="43"/>
        <line num="250" type="stmt" count="43"/>
        <line num="251" type="stmt" count="43"/>
        <line num="252" type="stmt" count="43"/>
        <line num="253" type="stmt" count="43"/>
        <line num="254" type="stmt" count="43"/>
        <line num="255" type="stmt" count="43"/>
        <line num="256" type="stmt" count="19"/>
        <line num="257" type="stmt" count="19"/>
        <line num="259" type="stmt" count="43"/>
        <line num="260" type="stmt" count="5"/>
        <line num="261" type="stmt" count="5"/>
        <line num="263" type="stmt" count="43"/>
        <line num="264" type="stmt" count="9"/>
        <line num="266" type="stmt" count="43"/>
        <line num="267" type="stmt" count="22"/>
        <line num="268" type="stmt" count="22"/>
        <line num="269" type="stmt" count="9"/>
        <line num="270" type="stmt" count="13"/>
        <line num="271" type="stmt" count="13"/>
        <line num="273" type="stmt" count="22"/>
        <line num="274" type="stmt" count="22"/>
        <line num="275" type="stmt" count="22"/>
        <line num="276" type="stmt" count="22"/>
        <line num="277" type="stmt" count="20"/>
        <line num="278" type="stmt" count="20"/>
        <line num="282" type="stmt" count="43"/>
        <line num="283" type="stmt" count="43"/>
        <line num="284" type="stmt" count="0"/>
        <line num="285" type="stmt" count="0"/>
        <line num="286" type="stmt" count="0"/>
        <line num="287" type="stmt" count="0"/>
        <line num="288" type="stmt" count="0"/>
        <line num="289" type="stmt" count="0"/>
        <line num="290" type="stmt" count="0"/>
        <line num="291" type="stmt" count="0"/>
        <line num="292" type="stmt" count="0"/>
        <line num="293" type="stmt" count="0"/>
        <line num="294" type="stmt" count="0"/>
        <line num="296" type="stmt" count="0"/>
        <line num="298" type="stmt" count="0"/>
        <line num="302" type="stmt" count="43"/>
        <line num="303" type="stmt" count="0"/>
        <line num="304" type="stmt" count="0"/>
        <line num="305" type="stmt" count="0"/>
        <line num="307" type="stmt" count="43"/>
        <line num="310" type="method" name="canonicalizeDataUri" visibility="private" complexity="11" crap="11" count="59"/>
        <line num="312" type="stmt" count="59"/>
        <line num="313" type="stmt" count="2"/>
        <line num="316" type="stmt" count="57"/>
        <line num="317" type="stmt" count="57"/>
        <line num="318" type="stmt" count="57"/>
        <line num="319" type="stmt" count="57"/>
        <line num="320" type="stmt" count="1"/>
        <line num="323" type="stmt" count="56"/>
        <line num="324" type="stmt" count="56"/>
        <line num="325" type="stmt" count="4"/>
        <line num="326" type="stmt" count="1"/>
        <line num="327" type="stmt" count="1"/>
        <line num="328" type="stmt" count="1"/>
        <line num="329" type="stmt" count="1"/>
        <line num="332" type="stmt" count="4"/>
        <line num="335" type="stmt" count="52"/>
        <line num="336" type="stmt" count="52"/>
        <line num="337" type="stmt" count="5"/>
        <line num="338" type="stmt" count="5"/>
        <line num="341" type="stmt" count="5"/>
        <line num="344" type="stmt" count="47"/>
        <line num="345" type="stmt" count="47"/>
        <line num="346" type="stmt" count="4"/>
        <line num="347" type="stmt" count="4"/>
        <line num="348" type="stmt" count="4"/>
        <line num="349" type="stmt" count="4"/>
        <line num="350" type="stmt" count="4"/>
        <line num="353" type="stmt" count="47"/>
        <line num="363" type="method" name="safeConfig" visibility="private" complexity="3" crap="4.12" count="43"/>
        <line num="365" type="stmt" count="43"/>
        <line num="367" type="stmt" count="43"/>
        <line num="368" type="stmt" count="0"/>
        <line num="371" type="stmt" count="0"/>
        <line num="374" type="method" name="deriveAutoLogoColor" visibility="private" complexity="7" crap="7" count="12"/>
        <line num="376" type="stmt" count="12"/>
        <line num="377" type="stmt" count="12"/>
        <line num="378" type="stmt" count="4"/>
        <line num="379" type="stmt" count="8"/>
        <line num="380" type="stmt" count="5"/>
        <line num="382" type="stmt" count="12"/>
        <line num="383" type="stmt" count="2"/>
        <line num="385" type="stmt" count="12"/>
        <line num="386" type="stmt" count="1"/>
        <line num="388" type="stmt" count="12"/>
        <line num="389" type="stmt" count="12"/>
        <line num="390" type="stmt" count="12"/>
        <line num="393" type="method" name="normalizeColorToHex" visibility="private" complexity="2" crap="2.06" count="2"/>
        <line num="395" type="stmt" count="2"/>
        <line num="396" type="stmt" count="2"/>
        <line num="397" type="stmt" count="2"/>
        <line num="399" type="stmt" count="0"/>
        <line num="403" type="method" name="hexToRgb" visibility="private" complexity="2" crap="2" count="12"/>
        <line num="405" type="stmt" count="12"/>
        <line num="406" type="stmt" count="12"/>
        <line num="407" type="stmt" count="3"/>
        <line num="409" type="stmt" count="12"/>
        <line num="410" type="stmt" count="12"/>
        <line num="411" type="stmt" count="12"/>
        <line num="412" type="stmt" count="12"/>
        <line num="415" type="method" name="recolorSvg" visibility="private" complexity="12" crap="12" count="28"/>
        <line num="417" type="stmt" count="28"/>
        <line num="418" type="stmt" count="28"/>
        <line num="419" type="stmt" count="2"/>
        <line num="421" type="stmt" count="26"/>
        <line num="422" type="stmt" count="26"/>
        <line num="423" type="stmt" count="26"/>
        <line num="424" type="stmt" count="2"/>
        <line num="425" type="stmt" count="2"/>
        <line num="426" type="stmt" count="2"/>
        <line num="428" type="stmt" count="2"/>
        <line num="429" type="stmt" count="2"/>
        <line num="430" type="stmt" count="2"/>
        <line num="431" type="stmt" count="2"/>
        <line num="434" type="stmt" count="24"/>
        <line num="435" type="stmt" count="4"/>
        <line num="436" type="stmt" count="0"/>
        <line num="438" type="stmt" count="4"/>
        <line num="439" type="stmt" count="1"/>
        <line num="441" type="stmt" count="3"/>
        <line num="442" type="stmt" count="3"/>
        <line num="443" type="stmt" count="24"/>
        <line num="444" type="stmt" count="24"/>
        <line num="445" type="stmt" count="24"/>
        <line num="446" type="stmt" count="19"/>
        <line num="447" type="stmt" count="19"/>
        <line num="448" type="stmt" count="19"/>
        <line num="449" type="stmt" count="19"/>
        <line num="453" type="stmt" count="26"/>
        <line num="454" type="stmt" count="2"/>
        <line num="456" type="stmt" count="24"/>
        <line num="459" type="method" name="getHexColor" visibility="private" complexity="2" crap="2" count="30"/>
        <line num="461" type="stmt" count="30"/>
        <line num="462" type="stmt" count="30"/>
        <line num="463" type="stmt" count="21"/>
        <line num="465" type="stmt" count="12"/>
        <line num="466" type="stmt" count="12"/>
        <line num="467" type="stmt" count="12"/>
        <line num="468" type="stmt" count="12"/>
        <line num="469" type="stmt" count="12"/>
        <line num="470" type="stmt" count="12"/>
        <line num="471" type="stmt" count="12"/>
        <line num="472" type="stmt" count="12"/>
        <line num="473" type="stmt" count="12"/>
        <line num="474" type="stmt" count="12"/>
        <line num="475" type="stmt" count="12"/>
        <line num="476" type="stmt" count="12"/>
        <line num="477" type="stmt" count="12"/>
        <line num="478" type="stmt" count="12"/>
        <line num="479" type="stmt" count="12"/>
        <line num="480" type="stmt" count="12"/>
        <line num="481" type="stmt" count="12"/>
        <line num="482" type="stmt" count="12"/>
        <line num="483" type="stmt" count="12"/>
        <line num="484" type="stmt" count="12"/>
        <line num="495" type="method" name="embedLogoInSvg" visibility="private" complexity="12" crap="12" count="54"/>
        <line num="497" type="stmt" count="54"/>
        <line num="498" type="stmt" count="54"/>
        <line num="499" type="stmt" count="54"/>
        <line num="500" type="stmt" count="54"/>
        <line num="501" type="stmt" count="54"/>
        <line num="502" type="stmt" count="54"/>
        <line num="503" type="stmt" count="54"/>
        <line num="504" type="stmt" count="54"/>
        <line num="507" type="stmt" count="54"/>
        <line num="508" type="stmt" count="1"/>
        <line num="510" type="stmt" count="54"/>
        <line num="511" type="stmt" count="54"/>
        <line num="512" type="stmt" count="54"/>
        <line num="513" type="stmt" count="54"/>
        <line num="515" type="stmt" count="54"/>
        <line num="516" type="stmt" count="54"/>
        <line num="517" type="stmt" count="54"/>
        <line num="518" type="stmt" count="50"/>
        <line num="519" type="stmt" count="50"/>
        <line num="520" type="stmt" count="50"/>
        <line num="521" type="stmt" count="50"/>
        <line num="522" type="stmt" count="50"/>
        <line num="525" type="stmt" count="4"/>
        <line num="526" type="stmt" count="4"/>
        <line num="527" type="stmt" count="1"/>
        <line num="528" type="stmt" count="1"/>
        <line num="530" type="stmt" count="3"/>
        <line num="531" type="stmt" count="3"/>
        <line num="532" type="stmt" count="3"/>
        <line num="533" type="stmt" count="1"/>
        <line num="535" type="stmt" count="3"/>
        <line num="536" type="stmt" count="1"/>
        <line num="537" type="stmt" count="1"/>
        <line num="539" type="stmt" count="2"/>
        <line num="540" type="stmt" count="2"/>
        <line num="541" type="stmt" count="2"/>
        <line num="542" type="stmt" count="1"/>
        <line num="544" type="stmt" count="2"/>
        <line num="545" type="stmt" count="1"/>
        <line num="546" type="stmt" count="1"/>
        <line num="548" type="stmt" count="1"/>
        <line num="549" type="stmt" count="1"/>
        <line num="550" type="stmt" count="1"/>
        <line num="552" type="stmt" count="0"/>
        <line num="553" type="stmt" count="0"/>
        <line num="555" type="stmt" count="1"/>
        <line num="556" type="stmt" count="1"/>
        <line num="557" type="stmt" count="1"/>
        <line num="558" type="stmt" count="1"/>
        <line num="559" type="stmt" count="1"/>
        <line num="560" type="stmt" count="1"/>
        <line num="561" type="stmt" count="1"/>
        <line num="562" type="stmt" count="1"/>
        <line num="563" type="stmt" count="1"/>
        <line num="564" type="stmt" count="1"/>
        <line num="568" type="stmt" count="51"/>
        <line num="569" type="stmt" count="51"/>
        <line num="570" type="stmt" count="51"/>
        <line num="571" type="stmt" count="51"/>
        <line num="572" type="stmt" count="51"/>
        <line num="573" type="stmt" count="51"/>
        <line num="574" type="stmt" count="51"/>
        <line num="575" type="stmt" count="51"/>
        <line num="576" type="stmt" count="51"/>
        <line num="577" type="stmt" count="51"/>
        <line num="578" type="stmt" count="51"/>
        <line num="579" type="stmt" count="18"/>
        <line num="580" type="stmt" count="18"/>
        <line num="582" type="stmt" count="33"/>
        <line num="584" type="stmt" count="51"/>
        <line num="585" type="stmt" count="51"/>
        <line num="586" type="stmt" count="51"/>
        <line num="587" type="stmt" count="51"/>
        <line num="588" type="stmt" count="51"/>
        <line num="601" type="method" name="shiftGeometry" visibility="private" complexity="9" crap="9.04" count="51"/>
        <line num="603" type="stmt" count="51"/>
        <line num="604" type="stmt" count="51"/>
        <line num="605" type="stmt" count="51"/>
        <line num="607" type="stmt" count="51"/>
        <line num="608" type="stmt" count="51"/>
        <line num="609" type="stmt" count="51"/>
        <line num="610" type="stmt" count="51"/>
        <line num="611" type="stmt" count="51"/>
        <line num="612" type="stmt" count="51"/>
        <line num="613" type="stmt" count="51"/>
        <line num="614" type="stmt" count="51"/>
        <line num="615" type="stmt" count="51"/>
        <line num="617" type="stmt" count="51"/>
        <line num="618" type="stmt" count="51"/>
        <line num="620" type="stmt" count="51"/>
        <line num="621" type="stmt" count="51"/>
        <line num="622" type="stmt" count="51"/>
        <line num="623" type="stmt" count="51"/>
        <line num="624" type="stmt" count="51"/>
        <line num="625" type="stmt" count="51"/>
        <line num="626" type="stmt" count="51"/>
        <line num="627" type="stmt" count="51"/>
        <line num="628" type="stmt" count="51"/>
        <line num="629" type="stmt" count="51"/>
        <line num="630" type="stmt" count="51"/>
        <line num="631" type="stmt" count="51"/>
        <line num="633" type="stmt" count="51"/>
        <line num="634" type="stmt" count="51"/>
        <line num="635" type="stmt" count="51"/>
        <line num="636" type="stmt" count="0"/>
        <line num="638" type="stmt" count="51"/>
        <line num="639" type="stmt" count="0"/>
        <line num="641" type="stmt" count="51"/>
        <line num="642" type="stmt" count="0"/>
        <line num="644" type="stmt" count="51"/>
        <line num="645" type="stmt" count="51"/>
        <line num="646" type="stmt" count="51"/>
        <line num="647" type="stmt" count="51"/>
        <line num="648" type="stmt" count="51"/>
        <line num="649" type="stmt" count="51"/>
        <line num="650" type="stmt" count="51"/>
        <line num="651" type="stmt" count="51"/>
        <line num="653" type="stmt" count="51"/>
        <line num="654" type="stmt" count="51"/>
        <line num="655" type="stmt" count="46"/>
        <line num="656" type="stmt" count="0"/>
        <line num="658" type="stmt" count="46"/>
        <line num="659" type="stmt" count="0"/>
        <line num="661" type="stmt" count="46"/>
        <line num="662" type="stmt" count="46"/>
        <line num="663" type="stmt" count="46"/>
        <line num="664" type="stmt" count="46"/>
        <line num="665" type="stmt" count="46"/>
        <line num="666" type="stmt" count="46"/>
        <line num="667" type="stmt" count="46"/>
        <line num="668" type="stmt" count="51"/>
        <line num="670" type="stmt" count="51"/>
        <line num="671" type="stmt" count="46"/>
        <line num="672" type="stmt" count="46"/>
        <line num="673" type="stmt" count="51"/>
        <line num="674" type="stmt" count="51"/>
        <line num="684" type="method" name="simpleInjectLogo" visibility="private" complexity="2" crap="2.01" count="3"/>
        <line num="686" type="stmt" count="3"/>
        <line num="687" type="stmt" count="3"/>
        <line num="688" type="stmt" count="3"/>
        <line num="689" type="stmt" count="3"/>
        <line num="690" type="stmt" count="3"/>
        <line num="691" type="stmt" count="3"/>
        <line num="692" type="stmt" count="3"/>
        <line num="694" type="stmt" count="0"/>
        <line num="702" type="method" name="debugLog" visibility="private" complexity="13" crap="14.35" count="63"/>
        <line num="706" type="stmt" count="63"/>
        <line num="707" type="stmt" count="63"/>
        <line num="708" type="stmt" count="35"/>
        <line num="711" type="stmt" count="28"/>
        <line num="712" type="stmt" count="0"/>
        <line num="713" type="stmt" count="0"/>
        <line num="716" type="stmt" count="63"/>
        <line num="717" type="stmt" count="63"/>
        <line num="718" type="stmt" count="28"/>
        <line num="719" type="stmt" count="35"/>
        <line num="720" type="stmt" count="35"/>
        <line num="721" type="stmt" count="35"/>
        <line num="722" type="stmt" count="0"/>
        <line num="723" type="stmt" count="35"/>
        <line num="724" type="stmt" count="31"/>
        <line num="725" type="stmt" count="4"/>
        <line num="726" type="stmt" count="4"/>
        <line num="729" type="stmt" count="0"/>
        <line num="732" type="stmt" count="63"/>
        <line num="733" type="stmt" count="32"/>
        <line num="735" type="stmt" count="31"/>
        <line num="736" type="stmt" count="30"/>
        <line num="737" type="stmt" count="1"/>
        <line num="741" type="stmt" count="31"/>
        <line num="742" type="stmt" count="0"/>
        <metrics loc="747" ncloc="678" classes="1" methods="21" coveredmethods="12" conditionals="0" coveredconditionals="0" statements="448" coveredstatements="407" elements="469" coveredelements="419"/>
      </file>
      <file name="/home/runner/work/yaghvc/yaghvc/app/Services/LogoDataHelper.php">
        <class name="App\Services\LogoDataHelper" namespace="App\Services">
          <metrics complexity="18" methods="4" coveredmethods="4" conditionals="0" coveredconditionals="0" statements="31" coveredstatements="31" elements="35" coveredelements="35"/>
        </class>
        <line num="25" type="method" name="normalizeRawBase64" visibility="public" complexity="4" crap="4" count="37"/>
        <line num="27" type="stmt" count="37"/>
        <line num="28" type="stmt" count="37"/>
        <line num="29" type="stmt" count="6"/>
        <line num="31" type="stmt" count="37"/>
        <line num="32" type="stmt" count="37"/>
        <line num="33" type="stmt" count="7"/>
        <line num="35" type="stmt" count="30"/>
        <line num="39" type="method" name="inferMime" visibility="public" complexity="8" crap="8" count="44"/>
        <line num="41" type="stmt" count="44"/>
        <line num="42" type="stmt" count="10"/>
        <line num="44" type="stmt" count="34"/>
        <line num="45" type="stmt" count="1"/>
        <line num="47" type="stmt" count="33"/>
        <line num="48" type="stmt" count="2"/>
        <line num="50" type="stmt" count="31"/>
        <line num="52" type="stmt" count="31"/>
        <line num="53" type="stmt" count="7"/>
        <line num="56" type="stmt" count="24"/>
        <line num="58" type="stmt" count="1"/>
        <line num="59" type="stmt" count="1"/>
        <line num="62" type="stmt" count="23"/>
        <line num="72" type="method" name="sanitizeSvg" visibility="public" complexity="5" crap="5" count="11"/>
        <line num="74" type="stmt" count="11"/>
        <line num="75" type="stmt" count="11"/>
        <line num="76" type="stmt" count="4"/>
        <line num="78" type="stmt" count="7"/>
        <line num="79" type="stmt" count="7"/>
        <line num="80" type="stmt" count="7"/>
        <line num="81" type="stmt" count="2"/>
        <line num="83" type="stmt" count="5"/>
        <line num="84" type="stmt" count="1"/>
        <line num="86" type="stmt" count="4"/>
        <line num="94" type="method" name="withinSize" visibility="public" complexity="1" crap="1" count="17"/>
        <line num="96" type="stmt" count="17"/>
        <metrics loc="99" ncloc="67" classes="1" methods="4" coveredmethods="4" conditionals="0" coveredconditionals="0" statements="31" coveredstatements="31" elements="35" coveredelements="35"/>
      </file>
      <file name="/home/runner/work/yaghvc/yaghvc/app/Services/LogoProcessor.php">
        <class name="App\Services\LogoProcessor" namespace="App\Services">
          <metrics complexity="56" methods="10" coveredmethods="2" conditionals="0" coveredconditionals="0" statements="139" coveredstatements="65" elements="149" coveredelements="67"/>
        </class>
        <line num="26" type="method" name="__construct" visibility="public" complexity="1" crap="1" count="75"/>
        <line num="28" type="stmt" count="75"/>
        <line num="29" type="stmt" count="75"/>
        <line num="37" type="method" name="prepare" visibility="public" complexity="5" crap="5" count="70"/>
        <line num="39" type="stmt" count="70"/>
        <line num="40" type="stmt" count="1"/>
        <line num="44" type="stmt" count="69"/>
        <line num="45" type="stmt" count="69"/>
        <line num="46" type="stmt" count="69"/>
        <line num="47" type="stmt" count="69"/>
        <line num="48" type="stmt" count="69"/>
        <line num="49" type="stmt" count="69"/>
        <line num="50" type="stmt" count="69"/>
        <line num="51" type="stmt" count="69"/>
        <line num="52" type="stmt" count="69"/>
        <line num="55" type="stmt" count="69"/>
        <line num="56" type="stmt" count="69"/>
        <line num="58" type="stmt" count="69"/>
        <line num="59" type="stmt" count="13"/>
        <line num="63" type="stmt" count="56"/>
        <line num="64" type="stmt" count="56"/>
        <line num="65" type="stmt" count="56"/>
        <line num="66" type="stmt" count="56"/>
        <line num="67" type="stmt" count="56"/>
        <line num="68" type="stmt" count="56"/>
        <line num="70" type="stmt" count="56"/>
        <line num="71" type="stmt" count="37"/>
        <line num="74" type="stmt" count="56"/>
        <line num="87" type="method" name="isPreparedPayload" visibility="private" complexity="8" crap="72" count="0"/>
        <line num="89" type="stmt" count="0"/>
        <line num="90" type="stmt" count="0"/>
        <line num="92" type="stmt" count="0"/>
        <line num="93" type="stmt" count="0"/>
        <line num="95" type="stmt" count="0"/>
        <line num="96" type="stmt" count="0"/>
        <line num="98" type="stmt" count="0"/>
        <line num="99" type="stmt" count="0"/>
        <line num="101" type="stmt" count="0"/>
        <line num="104" type="method" name="configInt" visibility="private" complexity="7" crap="7.03" count="72"/>
        <line num="106" type="stmt" count="72"/>
        <line num="107" type="stmt" count="0"/>
        <line num="110" type="stmt" count="72"/>
        <line num="111" type="stmt" count="1"/>
        <line num="112" type="stmt" count="1"/>
        <line num="114" type="stmt" count="71"/>
        <line num="115" type="stmt" count="68"/>
        <line num="117" type="stmt" count="3"/>
        <line num="118" type="stmt" count="1"/>
        <line num="120" type="stmt" count="2"/>
        <line num="121" type="stmt" count="1"/>
        <line num="123" type="stmt" count="1"/>
        <line num="130" type="method" name="decodeDataUrlFromQueryParam" visibility="private" complexity="2" crap="2.02" count="1"/>
        <line num="133" type="stmt" count="1"/>
        <line num="134" type="stmt" count="1"/>
        <line num="135" type="stmt" count="1"/>
        <line num="136" type="stmt" count="1"/>
        <line num="137" type="stmt" count="1"/>
        <line num="139" type="stmt" count="0"/>
        <line num="146" type="method" name="normaliseLooseBase64" visibility="private" complexity="8" crap="72" count="0"/>
        <line num="148" type="stmt" count="0"/>
        <line num="149" type="stmt" count="0"/>
        <line num="150" type="stmt" count="0"/>
        <line num="152" type="stmt" count="0"/>
        <line num="153" type="stmt" count="0"/>
        <line num="154" type="stmt" count="0"/>
        <line num="156" type="stmt" count="0"/>
        <line num="157" type="stmt" count="0"/>
        <line num="158" type="stmt" count="0"/>
        <line num="160" type="stmt" count="0"/>
        <line num="161" type="stmt" count="0"/>
        <line num="162" type="stmt" count="0"/>
        <line num="163" type="stmt" count="0"/>
        <line num="165" type="stmt" count="0"/>
        <line num="167" type="stmt" count="0"/>
        <line num="168" type="stmt" count="0"/>
        <line num="169" type="stmt" count="0"/>
        <line num="171" type="stmt" count="0"/>
        <line num="180" type="method" name="parseDataUri" visibility="private" complexity="4" crap="8.74" count="1"/>
        <line num="182" type="stmt" count="1"/>
        <line num="183" type="stmt" count="1"/>
        <line num="185" type="stmt" count="0"/>
        <line num="186" type="stmt" count="0"/>
        <line num="187" type="stmt" count="0"/>
        <line num="189" type="stmt" count="0"/>
        <line num="197" type="method" name="extractSvgDimensions" visibility="private" complexity="8" crap="72" count="0"/>
        <line num="199" type="stmt" count="0"/>
        <line num="200" type="stmt" count="0"/>
        <line num="201" type="stmt" count="0"/>
        <line num="203" type="stmt" count="0"/>
        <line num="204" type="stmt" count="0"/>
        <line num="207" type="stmt" count="0"/>
        <line num="208" type="stmt" count="0"/>
        <line num="209" type="stmt" count="0"/>
        <line num="211" type="stmt" count="0"/>
        <line num="212" type="stmt" count="0"/>
        <line num="214" type="stmt" count="0"/>
        <line num="215" type="stmt" count="0"/>
        <line num="217" type="stmt" count="0"/>
        <line num="225" type="method" name="sizeSvgDataUri" visibility="private" complexity="5" crap="30" count="0"/>
        <line num="227" type="stmt" count="0"/>
        <line num="228" type="stmt" count="0"/>
        <line num="229" type="stmt" count="0"/>
        <line num="231" type="stmt" count="0"/>
        <line num="232" type="stmt" count="0"/>
        <line num="233" type="stmt" count="0"/>
        <line num="234" type="stmt" count="0"/>
        <line num="235" type="stmt" count="0"/>
        <line num="236" type="stmt" count="0"/>
        <line num="237" type="stmt" count="0"/>
        <line num="238" type="stmt" count="0"/>
        <line num="239" type="stmt" count="0"/>
        <line num="241" type="stmt" count="0"/>
        <line num="242" type="stmt" count="0"/>
        <line num="243" type="stmt" count="0"/>
        <line num="244" type="stmt" count="0"/>
        <line num="245" type="stmt" count="0"/>
        <line num="246" type="stmt" count="0"/>
        <line num="247" type="stmt" count="0"/>
        <line num="248" type="stmt" count="0"/>
        <line num="250" type="stmt" count="0"/>
        <line num="258" type="method" name="resolveNamedLogo" visibility="private" complexity="8" crap="9.00" count="1"/>
        <line num="260" type="stmt" count="1"/>
        <line num="261" type="stmt" count="1"/>
        <line num="262" type="stmt" count="1"/>
        <line num="264" type="stmt" count="1"/>
        <line num="265" type="stmt" count="0"/>
        <line num="268" type="stmt" count="0"/>
        <line num="269" type="stmt" count="0"/>
        <line num="270" type="stmt" count="0"/>
        <line num="272" type="stmt" count="0"/>
        <line num="273" type="stmt" count="1"/>
        <line num="274" type="stmt" count="1"/>
        <line num="275" type="stmt" count="1"/>
        <line num="276" type="stmt" count="1"/>
        <line num="277" type="stmt" count="0"/>
        <line num="279" type="stmt" count="1"/>
        <line num="280" type="stmt" count="1"/>
        <line num="281" type="stmt" count="0"/>
        <line num="284" type="stmt" count="1"/>
        <line num="285" type="stmt" count="1"/>
        <line num="286" type="stmt" count="1"/>
        <line num="287" type="stmt" count="1"/>
        <line num="290" type="stmt" count="1"/>
        <line num="291" type="stmt" count="1"/>
        <line num="292" type="stmt" count="1"/>
        <line num="293" type="stmt" count="1"/>
        <line num="294" type="stmt" count="1"/>
        <line num="295" type="stmt" count="1"/>
        <line num="296" type="stmt" count="1"/>
        <metrics loc="299" ncloc="235" classes="1" methods="10" coveredmethods="2" conditionals="0" coveredconditionals="0" statements="139" coveredstatements="65" elements="149" coveredelements="67"/>
      </file>
    </package>
    <package name="App\Services\BadgeStrategies">
      <file name="/home/runner/work/yaghvc/yaghvc/app/Services/BadgeStrategies/FlatBadgeStrategy.php">
        <class name="App\Services\BadgeStrategies\FlatBadgeStrategy" namespace="App\Services\BadgeStrategies">
          <metrics complexity="2" methods="2" coveredmethods="2" conditionals="0" coveredconditionals="0" statements="8" coveredstatements="8" elements="10" coveredelements="10"/>
        </class>
        <line num="19" type="method" name="__construct" visibility="public" complexity="1" crap="1" count="39"/>
        <line num="22" type="stmt" count="39"/>
        <line num="27" type="method" name="render" visibility="public" complexity="1" crap="1" count="34"/>
        <line num="29" type="stmt" count="34"/>
        <line num="30" type="stmt" count="34"/>
        <line num="31" type="stmt" count="34"/>
        <line num="32" type="stmt" count="34"/>
        <line num="33" type="stmt" count="34"/>
        <line num="34" type="stmt" count="34"/>
        <line num="36" type="stmt" count="34"/>
        <metrics loc="39" ncloc="30" classes="1" methods="2" coveredmethods="2" conditionals="0" coveredconditionals="0" statements="8" coveredstatements="8" elements="10" coveredelements="10"/>
      </file>
      <file name="/home/runner/work/yaghvc/yaghvc/app/Services/BadgeStrategies/FlatSquareBadgeStrategy.php">
        <class name="App\Services\BadgeStrategies\FlatSquareBadgeStrategy" namespace="App\Services\BadgeStrategies">
          <metrics complexity="2" methods="2" coveredmethods="2" conditionals="0" coveredconditionals="0" statements="8" coveredstatements="8" elements="10" coveredelements="10"/>
        </class>
        <line num="19" type="method" name="__construct" visibility="public" complexity="1" crap="1" count="11"/>
        <line num="22" type="stmt" count="11"/>
        <line num="27" type="method" name="render" visibility="public" complexity="1" crap="1" count="8"/>
        <line num="29" type="stmt" count="8"/>
        <line num="30" type="stmt" count="8"/>
        <line num="31" type="stmt" count="8"/>
        <line num="32" type="stmt" count="8"/>
        <line num="33" type="stmt" count="8"/>
        <line num="34" type="stmt" count="8"/>
        <line num="36" type="stmt" count="8"/>
        <metrics loc="39" ncloc="30" classes="1" methods="2" coveredmethods="2" conditionals="0" coveredconditionals="0" statements="8" coveredstatements="8" elements="10" coveredelements="10"/>
      </file>
      <file name="/home/runner/work/yaghvc/yaghvc/app/Services/BadgeStrategies/ForTheBadgeStrategy.php">
        <class name="App\Services\BadgeStrategies\ForTheBadgeStrategy" namespace="App\Services\BadgeStrategies">
          <metrics complexity="2" methods="2" coveredmethods="2" conditionals="0" coveredconditionals="0" statements="8" coveredstatements="8" elements="10" coveredelements="10"/>
        </class>
        <line num="19" type="method" name="__construct" visibility="public" complexity="1" crap="1" count="64"/>
        <line num="22" type="stmt" count="64"/>
        <line num="27" type="method" name="render" visibility="public" complexity="1" crap="1" count="61"/>
        <line num="29" type="stmt" count="61"/>
        <line num="30" type="stmt" count="61"/>
        <line num="31" type="stmt" count="61"/>
        <line num="32" type="stmt" count="61"/>
        <line num="33" type="stmt" count="61"/>
        <line num="34" type="stmt" count="61"/>
        <line num="36" type="stmt" count="61"/>
        <metrics loc="39" ncloc="30" classes="1" methods="2" coveredmethods="2" conditionals="0" coveredconditionals="0" statements="8" coveredstatements="8" elements="10" coveredelements="10"/>
      </file>
      <file name="/home/runner/work/yaghvc/yaghvc/app/Services/BadgeStrategies/PlasticBadgeStrategy.php">
        <class name="App\Services\BadgeStrategies\PlasticBadgeStrategy" namespace="App\Services\BadgeStrategies">
          <metrics complexity="2" methods="2" coveredmethods="2" conditionals="0" coveredconditionals="0" statements="8" coveredstatements="8" elements="10" coveredelements="10"/>
        </class>
        <line num="19" type="method" name="__construct" visibility="public" complexity="1" crap="1" count="10"/>
        <line num="22" type="stmt" count="10"/>
        <line num="27" type="method" name="render" visibility="public" complexity="1" crap="1" count="7"/>
        <line num="29" type="stmt" count="7"/>
        <line num="30" type="stmt" count="7"/>
        <line num="31" type="stmt" count="7"/>
        <line num="32" type="stmt" count="7"/>
        <line num="33" type="stmt" count="7"/>
        <line num="34" type="stmt" count="7"/>
        <line num="36" type="stmt" count="7"/>
        <metrics loc="39" ncloc="30" classes="1" methods="2" coveredmethods="2" conditionals="0" coveredconditionals="0" statements="8" coveredstatements="8" elements="10" coveredelements="10"/>
      </file>
    </package>
    <package name="App\Services\LogoHandlers">
      <file name="/home/runner/work/yaghvc/yaghvc/app/Services/LogoHandlers/AbstractLogoHandler.php">
        <class name="App\Services\LogoHandlers\AbstractLogoHandler" namespace="App\Services\LogoHandlers">
          <metrics complexity="6" methods="3" coveredmethods="3" conditionals="0" coveredconditionals="0" statements="10" coveredstatements="10" elements="13" coveredelements="13"/>
        </class>
        <line num="30" type="method" name="setNext" visibility="public" complexity="1" crap="1" count="79"/>
        <line num="32" type="stmt" count="79"/>
        <line num="33" type="stmt" count="79"/>
        <line num="45" type="method" name="handle" visibility="public" complexity="3" crap="3" count="118"/>
        <line num="47" type="stmt" count="118"/>
        <line num="48" type="stmt" count="106"/>
        <line num="49" type="stmt" count="106"/>
        <line num="50" type="stmt" count="84"/>
        <line num="54" type="stmt" count="89"/>
        <line num="63" type="method" name="handleNext" visibility="protected" complexity="2" crap="2" count="95"/>
        <line num="65" type="stmt" count="95"/>
        <line num="66" type="stmt" count="78"/>
        <line num="69" type="stmt" count="30"/>
        <metrics loc="88" ncloc="46" classes="1" methods="3" coveredmethods="3" conditionals="0" coveredconditionals="0" statements="10" coveredstatements="10" elements="13" coveredelements="13"/>
      </file>
      <file name="/home/runner/work/yaghvc/yaghvc/app/Services/LogoHandlers/CacheLogoHandler.php">
        <class name="App\Services\LogoHandlers\CacheLogoHandler" namespace="App\Services\LogoHandlers">
          <metrics complexity="13" methods="3" coveredmethods="3" conditionals="0" coveredconditionals="0" statements="19" coveredstatements="19" elements="22" coveredelements="22"/>
        </class>
        <line num="22" type="method" name="canHandle" visibility="protected" complexity="1" crap="1" count="76"/>
        <line num="24" type="stmt" count="76"/>
        <line num="31" type="method" name="process" visibility="protected" complexity="4" crap="4" count="74"/>
        <line num="33" type="stmt" count="74"/>
        <line num="36" type="stmt" count="74"/>
        <line num="37" type="stmt" count="74"/>
        <line num="39" type="stmt" count="9"/>
        <line num="41" type="stmt" count="3"/>
        <line num="46" type="stmt" count="72"/>
        <line num="49" type="stmt" count="72"/>
        <line num="50" type="stmt" count="57"/>
        <line num="51" type="stmt" count="57"/>
        <line num="52" type="stmt" count="57"/>
        <line num="55" type="stmt" count="72"/>
        <line num="63" type="method" name="isValidCachePayload" visibility="private" complexity="8" crap="8" count="9"/>
        <line num="65" type="stmt" count="9"/>
        <line num="66" type="stmt" count="3"/>
        <line num="68" type="stmt" count="6"/>
        <line num="69" type="stmt" count="2"/>
        <line num="72" type="stmt" count="4"/>
        <line num="73" type="stmt" count="1"/>
        <line num="75" type="stmt" count="3"/>
        <metrics loc="78" ncloc="54" classes="1" methods="3" coveredmethods="3" conditionals="0" coveredconditionals="0" statements="19" coveredstatements="19" elements="22" coveredelements="22"/>
      </file>
      <file name="/home/runner/work/yaghvc/yaghvc/app/Services/LogoHandlers/DataUriLogoHandler.php">
        <class name="App\Services\LogoHandlers\DataUriLogoHandler" namespace="App\Services\LogoHandlers">
          <metrics complexity="44" methods="8" coveredmethods="4" conditionals="0" coveredconditionals="0" statements="98" coveredstatements="88" elements="106" coveredelements="92"/>
        </class>
        <line num="21" type="method" name="canHandle" visibility="protected" complexity="1" crap="1" count="69"/>
        <line num="23" type="stmt" count="69"/>
        <line num="29" type="method" name="process" visibility="protected" complexity="6" crap="6.02" count="62"/>
        <line num="31" type="stmt" count="62"/>
        <line num="32" type="stmt" count="62"/>
        <line num="33" type="stmt" count="0"/>
        <line num="36" type="stmt" count="62"/>
        <line num="39" type="stmt" count="62"/>
        <line num="40" type="stmt" count="6"/>
        <line num="43" type="stmt" count="62"/>
        <line num="44" type="stmt" count="6"/>
        <line num="48" type="stmt" count="56"/>
        <line num="49" type="stmt" count="2"/>
        <line num="53" type="stmt" count="54"/>
        <line num="54" type="stmt" count="29"/>
        <line num="58" type="stmt" count="25"/>
        <line num="66" type="method" name="processRasterImage" visibility="private" complexity="10" crap="10" count="29"/>
        <line num="68" type="stmt" count="29"/>
        <line num="71" type="stmt" count="29"/>
        <line num="72" type="stmt" count="29"/>
        <line num="73" type="stmt" count="29"/>
        <line num="74" type="stmt" count="24"/>
        <line num="75" type="stmt" count="24"/>
        <line num="77" type="stmt" count="24"/>
        <line num="79" type="stmt" count="24"/>
        <line num="80" type="stmt" count="3"/>
        <line num="87" type="stmt" count="26"/>
        <line num="88" type="stmt" count="1"/>
        <line num="89" type="stmt" count="1"/>
        <line num="90" type="stmt" count="1"/>
        <line num="93" type="stmt" count="26"/>
        <line num="94" type="stmt" count="26"/>
        <line num="95" type="stmt" count="26"/>
        <line num="96" type="stmt" count="26"/>
        <line num="97" type="stmt" count="26"/>
        <line num="98" type="stmt" count="26"/>
        <line num="99" type="stmt" count="26"/>
        <line num="107" type="method" name="processSvgImage" visibility="private" complexity="5" crap="5" count="25"/>
        <line num="109" type="stmt" count="25"/>
        <line num="110" type="stmt" count="25"/>
        <line num="112" type="stmt" count="25"/>
        <line num="114" type="stmt" count="25"/>
        <line num="116" type="stmt" count="5"/>
        <line num="117" type="stmt" count="5"/>
        <line num="118" type="stmt" count="5"/>
        <line num="119" type="stmt" count="20"/>
        <line num="121" type="stmt" count="5"/>
        <line num="122" type="stmt" count="5"/>
        <line num="123" type="stmt" count="5"/>
        <line num="126" type="stmt" count="25"/>
        <line num="127" type="stmt" count="25"/>
        <line num="128" type="stmt" count="25"/>
        <line num="129" type="stmt" count="25"/>
        <line num="130" type="stmt" count="25"/>
        <line num="131" type="stmt" count="25"/>
        <line num="132" type="stmt" count="25"/>
        <line num="138" type="method" name="decodeDataUrlFromQueryParam" visibility="private" complexity="2" crap="2.03" count="62"/>
        <line num="141" type="stmt" count="62"/>
        <line num="143" type="stmt" count="62"/>
        <line num="145" type="stmt" count="62"/>
        <line num="146" type="stmt" count="0"/>
        <line num="149" type="stmt" count="62"/>
        <line num="157" type="method" name="parseDataUri" visibility="private" complexity="4" crap="4" count="62"/>
        <line num="159" type="stmt" count="62"/>
        <line num="160" type="stmt" count="2"/>
        <line num="163" type="stmt" count="60"/>
        <line num="164" type="stmt" count="60"/>
        <line num="165" type="stmt" count="4"/>
[...]
        <line num="178" type="stmt" count="6"/>
        <line num="179" type="stmt" count="0"/>
        <line num="182" type="stmt" count="6"/>
        <line num="183" type="stmt" count="6"/>
        <line num="184" type="stmt" count="0"/>
        <line num="187" type="stmt" count="6"/>
        <line num="188" type="stmt" count="6"/>
        <line num="189" type="stmt" count="6"/>
        <line num="192" type="stmt" count="6"/>
        <line num="193" type="stmt" count="6"/>
        <line num="195" type="stmt" count="6"/>
        <line num="196" type="stmt" count="5"/>
        <line num="199" type="stmt" count="1"/>
        <line num="200" type="stmt" count="1"/>
        <line num="203" type="stmt" count="1"/>
        <line num="204" type="stmt" count="1"/>
        <line num="205" type="stmt" count="1"/>
        <line num="208" type="stmt" count="0"/>
        <line num="209" type="stmt" count="0"/>
        <line num="210" type="stmt" count="0"/>
        <line num="211" type="stmt" count="0"/>
        <line num="219" type="method" name="extractSvgDimensions" visibility="private" complexity="8" crap="8.19" count="25"/>
        <line num="221" type="stmt" count="25"/>
        <line num="223" type="stmt" count="25"/>
        <line num="224" type="stmt" count="13"/>
        <line num="226" type="stmt" count="25"/>
        <line num="227" type="stmt" count="13"/>
        <line num="231" type="stmt" count="25"/>
        <line num="232" type="stmt" count="25"/>
        <line num="234" type="stmt" count="6"/>
        <line num="235" type="stmt" count="6"/>
        <line num="238" type="stmt" count="25"/>
        <line num="239" type="stmt" count="0"/>
        <line num="241" type="stmt" count="25"/>
        <line num="242" type="stmt" count="0"/>
        <line num="245" type="stmt" count="25"/>
        <metrics loc="248" ncloc="194" classes="1" methods="8" coveredmethods="4" conditionals="0" coveredconditionals="0" statements="98" coveredstatements="88" elements="106" coveredelements="92"/>
      </file>
      <file name="/home/runner/work/yaghvc/yaghvc/app/Services/LogoHandlers/RawBase64LogoHandler.php">
        <class name="App\Services\LogoHandlers\RawBase64LogoHandler" namespace="App\Services\LogoHandlers">
          <metrics complexity="11" methods="3" coveredmethods="2" conditionals="0" coveredconditionals="0" statements="31" coveredstatements="28" elements="34" coveredelements="30"/>
        </class>
        <line num="23" type="method" name="canHandle" visibility="protected" complexity="1" crap="1" count="72"/>
        <line num="25" type="stmt" count="72"/>
        <line num="31" type="method" name="process" visibility="protected" complexity="2" crap="2" count="35"/>
        <line num="33" type="stmt" count="35"/>
        <line num="35" type="stmt" count="35"/>
        <line num="37" type="stmt" count="9"/>
        <line num="38" type="stmt" count="9"/>
        <line num="39" type="stmt" count="9"/>
        <line num="40" type="stmt" count="9"/>
        <line num="41" type="stmt" count="9"/>
        <line num="42" type="stmt" count="9"/>
        <line num="43" type="stmt" count="9"/>
        <line num="44" type="stmt" count="9"/>
        <line num="45" type="stmt" count="9"/>
        <line num="47" type="stmt" count="9"/>
        <line num="51" type="stmt" count="26"/>
        <line num="57" type="method" name="normalizeLooseBase64" visibility="private" complexity="8" crap="8.35" count="35"/>
        <line num="59" type="stmt" count="35"/>
        <line num="60" type="stmt" count="35"/>
        <line num="61" type="stmt" count="6"/>
        <line num="64" type="stmt" count="29"/>
        <line num="65" type="stmt" count="29"/>
        <line num="66" type="stmt" count="0"/>
        <line num="69" type="stmt" count="29"/>
        <line num="70" type="stmt" count="29"/>
        <line num="71" type="stmt" count="20"/>
        <line num="75" type="stmt" count="9"/>
        <line num="76" type="stmt" count="3"/>
        <line num="77" type="stmt" count="3"/>
        <line num="78" type="stmt" count="0"/>
        <line num="80" type="stmt" count="3"/>
        <line num="84" type="stmt" count="9"/>
        <line num="85" type="stmt" count="0"/>
        <line num="88" type="stmt" count="9"/>
        <metrics loc="91" ncloc="71" classes="1" methods="3" coveredmethods="2" conditionals="0" coveredconditionals="0" statements="31" coveredstatements="28" elements="34" coveredelements="30"/>
      </file>
      <file name="/home/runner/work/yaghvc/yaghvc/app/Services/LogoHandlers/SlugLogoHandler.php">
        <class name="App\Services\LogoHandlers\SlugLogoHandler" namespace="App\Services\LogoHandlers">
          <metrics complexity="16" methods="3" coveredmethods="1" conditionals="0" coveredconditionals="0" statements="50" coveredstatements="43" elements="53" coveredelements="44"/>
        </class>
        <line num="21" type="method" name="canHandle" visibility="protected" complexity="2" crap="2" count="80"/>
        <line num="23" type="stmt" count="80"/>
        <line num="24" type="stmt" count="80"/>
        <line num="30" type="method" name="process" visibility="protected" complexity="6" crap="6" count="29"/>
        <line num="32" type="stmt" count="29"/>
        <line num="34" type="stmt" count="29"/>
        <line num="35" type="stmt" count="4"/>
        <line num="39" type="stmt" count="25"/>
        <line num="41" type="stmt" count="25"/>
        <line num="43" type="stmt" count="2"/>
        <line num="44" type="stmt" count="2"/>
        <line num="45" type="stmt" count="0"/>
        <line num="46" type="stmt" count="2"/>
        <line num="47" type="stmt" count="2"/>
        <line num="48" type="stmt" count="23"/>
        <line num="50" type="stmt" count="4"/>
        <line num="51" type="stmt" count="4"/>
        <line num="52" type="stmt" count="4"/>
        <line num="55" type="stmt" count="25"/>
        <line num="56" type="stmt" count="25"/>
        <line num="57" type="stmt" count="25"/>
        <line num="58" type="stmt" count="25"/>
        <line num="59" type="stmt" count="25"/>
        <line num="60" type="stmt" count="25"/>
        <line num="61" type="stmt" count="25"/>
        <line num="69" type="method" name="resolveNamedLogo" visibility="private" complexity="8" crap="8.70" count="29"/>
        <line num="71" type="stmt" count="29"/>
        <line num="73" type="stmt" count="29"/>
        <line num="74" type="stmt" count="29"/>
        <line num="76" type="stmt" count="29"/>
        <line num="77" type="stmt" count="0"/>
        <line num="81" type="stmt" count="0"/>
        <line num="82" type="stmt" count="0"/>
        <line num="83" type="stmt" count="0"/>
        <line num="85" type="stmt" count="0"/>
        <line num="86" type="stmt" count="29"/>
        <line num="88" type="stmt" count="29"/>
        <line num="89" type="stmt" count="29"/>
        <line num="91" type="stmt" count="29"/>
        <line num="92" type="stmt" count="4"/>
        <line num="95" type="stmt" count="25"/>
        <line num="96" type="stmt" count="25"/>
        <line num="97" type="stmt" count="0"/>
        <line num="101" type="stmt" count="25"/>
        <line num="102" type="stmt" count="25"/>
        <line num="103" type="stmt" count="25"/>
        <line num="104" type="stmt" count="25"/>
        <line num="108" type="stmt" count="25"/>
        <line num="110" type="stmt" count="25"/>
        <line num="111" type="stmt" count="25"/>
        <line num="112" type="stmt" count="25"/>
        <line num="113" type="stmt" count="25"/>
        <line num="114" type="stmt" count="25"/>
        <metrics loc="117" ncloc="94" classes="1" methods="3" coveredmethods="1" conditionals="0" coveredconditionals="0" statements="50" coveredstatements="43" elements="53" coveredelements="44"/>
      </file>
      <file name="/home/runner/work/yaghvc/yaghvc/app/Services/LogoHandlers/UrlDecodedLogoHandler.php">
        <class name="App\Services\LogoHandlers\UrlDecodedLogoHandler" namespace="App\Services\LogoHandlers">
          <metrics complexity="3" methods="2" coveredmethods="2" conditionals="0" coveredconditionals="0" statements="14" coveredstatements="14" elements="16" coveredelements="16"/>
        </class>
        <line num="21" type="method" name="canHandle" visibility="protected" complexity="1" crap="1" count="75"/>
        <line num="23" type="stmt" count="75"/>
        <line num="29" type="method" name="process" visibility="protected" complexity="2" crap="2" count="4"/>
        <line num="31" type="stmt" count="4"/>
        <line num="33" type="stmt" count="4"/>
        <line num="35" type="stmt" count="3"/>
        <line num="36" type="stmt" count="3"/>
        <line num="37" type="stmt" count="3"/>
        <line num="38" type="stmt" count="3"/>
        <line num="39" type="stmt" count="3"/>
        <line num="40" type="stmt" count="3"/>
        <line num="41" type="stmt" count="3"/>
        <line num="42" type="stmt" count="3"/>
        <line num="43" type="stmt" count="3"/>
        <line num="45" type="stmt" count="3"/>
        <line num="49" type="stmt" count="1"/>
        <metrics loc="52" ncloc="38" classes="1" methods="2" coveredmethods="2" conditionals="0" coveredconditionals="0" statements="14" coveredstatements="14" elements="16" coveredelements="16"/>
      </file>
    </package>
    <package name="App\ValueObjects">
      <file name="/home/runner/work/yaghvc/yaghvc/app/ValueObjects/BadgeConfiguration.php">
        <class name="App\ValueObjects\BadgeConfiguration" namespace="App\ValueObjects">
          <metrics complexity="21" methods="6" coveredmethods="6" conditionals="0" coveredconditionals="0" statements="46" coveredstatements="46" elements="52" coveredelements="52"/>
        </class>
        <line num="28" type="method" name="__construct" visibility="public" complexity="1" crap="1" count="98"/>
        <line num="38" type="stmt" count="98"/>
        <line num="47" type="method" name="fromValidatedRequest" visibility="public" complexity="1" crap="1" count="84"/>
        <line num="49" type="stmt" count="84"/>
        <line num="50" type="stmt" count="84"/>
        <line num="51" type="stmt" count="84"/>
        <line num="52" type="stmt" count="84"/>
        <line num="53" type="stmt" count="84"/>
        <line num="54" type="stmt" count="84"/>
        <line num="55" type="stmt" count="84"/>
        <line num="56" type="stmt" count="84"/>
        <line num="57" type="stmt" count="84"/>
        <line num="58" type="stmt" count="84"/>
        <line num="66" type="method" name="validateStyle" visibility="private" complexity="2" crap="2" count="98"/>
        <line num="68" type="stmt" count="98"/>
        <line num="70" type="stmt" count="98"/>
        <line num="71" type="stmt" count="2"/>
        <line num="72" type="stmt" count="2"/>
        <line num="73" type="stmt" count="2"/>
        <line num="85" type="method" name="stringFromArray" visibility="private" complexity="5" crap="5" count="84"/>
        <line num="87" type="stmt" count="84"/>
        <line num="88" type="stmt" count="75"/>
        <line num="91" type="stmt" count="24"/>
        <line num="93" type="stmt" count="24"/>
        <line num="94" type="stmt" count="21"/>
        <line num="97" type="stmt" count="3"/>
        <line num="98" type="stmt" count="2"/>
        <line num="101" type="stmt" count="1"/>
        <line num="111" type="method" name="nullableStringFromArray" visibility="private" complexity="5" crap="5" count="84"/>
        <line num="113" type="stmt" count="84"/>
        <line num="114" type="stmt" count="81"/>
        <line num="117" type="stmt" count="34"/>
        <line num="119" type="stmt" count="34"/>
        <line num="120" type="stmt" count="32"/>
        <line num="123" type="stmt" count="2"/>
        <line num="124" type="stmt" count="1"/>
        <line num="127" type="stmt" count="1"/>
        <line num="138" type="method" name="boolFromArray" visibility="private" complexity="7" crap="7" count="84"/>
        <line num="140" type="stmt" count="84"/>
        <line num="141" type="stmt" count="66"/>
        <line num="144" type="stmt" count="18"/>
        <line num="146" type="stmt" count="18"/>
        <line num="147" type="stmt" count="11"/>
        <line num="150" type="stmt" count="7"/>
        <line num="151" type="stmt" count="5"/>
        <line num="152" type="stmt" count="5"/>
        <line num="153" type="stmt" count="2"/>
        <line num="155" type="stmt" count="3"/>
        <line num="156" type="stmt" count="2"/>
        <line num="160" type="stmt" count="3"/>
        <line num="161" type="stmt" count="2"/>
        <line num="164" type="stmt" count="1"/>
        <metrics loc="167" ncloc="116" classes="1" methods="6" coveredmethods="6" conditionals="0" coveredconditionals="0" statements="46" coveredstatements="46" elements="52" coveredelements="52"/>
      </file>
      <file name="/home/runner/work/yaghvc/yaghvc/app/ValueObjects/BadgeRequest.php">
        <class name="App\ValueObjects\BadgeRequest" namespace="App\ValueObjects">
          <metrics complexity="9" methods="2" coveredmethods="2" conditionals="0" coveredconditionals="0" statements="19" coveredstatements="19" elements="21" coveredelements="21"/>
        </class>
        <line num="21" type="method" name="__construct" visibility="public" complexity="1" crap="1" count="74"/>
        <line num="27" type="stmt" count="74"/>
        <line num="38" type="method" name="fromValidatedData" visibility="public" complexity="8" crap="8" count="73"/>
        <line num="41" type="stmt" count="73"/>
        <line num="44" type="stmt" count="73"/>
        <line num="45" type="stmt" count="73"/>
        <line num="46" type="stmt" count="12"/>
        <line num="50" type="stmt" count="73"/>
        <line num="51" type="stmt" count="73"/>
        <line num="52" type="stmt" count="10"/>
        <line num="53" type="stmt" count="5"/>
        <line num="54" type="stmt" count="5"/>
        <line num="55" type="stmt" count="4"/>
        <line num="59" type="stmt" count="73"/>
        <line num="60" type="stmt" count="73"/>
        <line num="61" type="stmt" count="73"/>
        <line num="62" type="stmt" count="73"/>
        <line num="63" type="stmt" count="73"/>
        <line num="64" type="stmt" count="73"/>
        <line num="65" type="stmt" count="73"/>
        <line num="66" type="stmt" count="73"/>
        <metrics loc="69" ncloc="44" classes="1" methods="2" coveredmethods="2" conditionals="0" coveredconditionals="0" statements="19" coveredstatements="19" elements="21" coveredelements="21"/>
      </file>
      <file name="/home/runner/work/yaghvc/yaghvc/app/ValueObjects/LogoRequest.php">
        <class name="App\ValueObjects\LogoRequest" namespace="App\ValueObjects">
          <metrics complexity="3" methods="3" coveredmethods="3" conditionals="0" coveredconditionals="0" statements="3" coveredstatements="3" elements="6" coveredelements="6"/>
        </class>
        <line num="23" type="method" name="__construct" visibility="public" complexity="1" crap="1" count="126"/>
        <line num="32" type="stmt" count="126"/>
        <line num="37" type="method" name="getCacheKey" visibility="public" complexity="1" crap="1" count="77"/>
        <line num="39" type="stmt" count="77"/>
        <line num="45" type="method" name="isCacheEnabled" visibility="public" complexity="1" crap="1" count="78"/>
        <line num="47" type="stmt" count="78"/>
        <metrics loc="50" ncloc="30" classes="1" methods="3" coveredmethods="3" conditionals="0" coveredconditionals="0" statements="3" coveredstatements="3" elements="6" coveredelements="6"/>
      </file>
      <file name="/home/runner/work/yaghvc/yaghvc/app/ValueObjects/LogoResult.php">
        <class name="App\ValueObjects\LogoResult" namespace="App\ValueObjects">
          <metrics complexity="4" methods="3" coveredmethods="3" conditionals="0" coveredconditionals="0" statements="17" coveredstatements="17" elements="20" coveredelements="20"/>
        </class>
        <line num="21" type="method" name="__construct" visibility="public" complexity="1" crap="1" count="94"/>
        <line num="28" type="stmt" count="94"/>
        <line num="35" type="method" name="toArray" visibility="public" complexity="2" crap="2" count="60"/>
        <line num="37" type="stmt" count="60"/>
        <line num="38" type="stmt" count="60"/>
        <line num="39" type="stmt" count="60"/>
        <line num="40" type="stmt" count="60"/>
        <line num="41" type="stmt" count="60"/>
        <line num="42" type="stmt" count="60"/>
        <line num="44" type="stmt" count="60"/>
        <line num="45" type="stmt" count="39"/>
        <line num="48" type="stmt" count="60"/>
        <line num="56" type="method" name="fromArray" visibility="public" complexity="1" crap="1" count="6"/>
        <line num="58" type="stmt" count="6"/>
        <line num="59" type="stmt" count="6"/>
        <line num="60" type="stmt" count="6"/>
        <line num="61" type="stmt" count="6"/>
        <line num="62" type="stmt" count="6"/>
        <line num="63" type="stmt" count="6"/>
        <line num="64" type="stmt" count="6"/>
        <metrics loc="67" ncloc="45" classes="1" methods="3" coveredmethods="3" conditionals="0" coveredconditionals="0" statements="17" coveredstatements="17" elements="20" coveredelements="20"/>
      </file>
      <file name="/home/runner/work/yaghvc/yaghvc/app/ValueObjects/ProfileIdentifier.php">
        <class name="App\ValueObjects\ProfileIdentifier" namespace="App\ValueObjects">
          <metrics complexity="13" methods="5" coveredmethods="5" conditionals="0" coveredconditionals="0" statements="23" coveredstatements="23" elements="28" coveredelements="28"/>
        </class>
        <line num="21" type="method" name="__construct" visibility="public" complexity="2" crap="2" count="112"/>
        <line num="25" type="stmt" count="112"/>
        <line num="26" type="stmt" count="102"/>
        <line num="27" type="stmt" count="30"/>
        <line num="38" type="method" name="__toString" visibility="public" complexity="2" crap="2" count="4"/>
        <line num="40" type="stmt" count="4"/>
        <line num="41" type="stmt" count="2"/>
        <line num="44" type="stmt" count="2"/>
        <line num="52" type="method" name="isRepositoryScoped" visibility="public" complexity="1" crap="1" count="4"/>
        <line num="54" type="stmt" count="4"/>
        <line num="68" type="method" name="validateUsername" visibility="private" complexity="4" crap="4" count="112"/>
        <line num="70" type="stmt" count="112"/>
        <line num="71" type="stmt" count="3"/>
        <line num="74" type="stmt" count="109"/>
        <line num="75" type="stmt" count="1"/>
        <line num="79" type="stmt" count="108"/>
        <line num="80" type="stmt" count="6"/>
        <line num="81" type="stmt" count="6"/>
        <line num="82" type="stmt" count="6"/>
        <line num="96" type="method" name="validateRepository" visibility="private" complexity="4" crap="4" count="30"/>
        <line num="101" type="stmt" count="30"/>
        <line num="102" type="stmt" count="2"/>
        <line num="105" type="stmt" count="28"/>
        <line num="106" type="stmt" count="1"/>
        <line num="110" type="stmt" count="27"/>
        <line num="111" type="stmt" count="3"/>
        <line num="112" type="stmt" count="3"/>
        <line num="113" type="stmt" count="3"/>
        <metrics loc="117" ncloc="71" classes="1" methods="5" coveredmethods="5" conditionals="0" coveredconditionals="0" statements="23" coveredstatements="23" elements="28" coveredelements="28"/>
      </file>
    </package>
    <metrics files="34" loc="3649" ncloc="2847" classes="31" methods="128" coveredmethods="102" conditionals="0" coveredconditionals="0" statements="1344" coveredstatements="1195" elements="1472" coveredelements="1297"/>
  </project>
</coverage>
